┌ Info: [cmdline args]
│   args = Dict{String, Any}("l" => "logs/0.dimacs.log", "i" => "data/0.dimacs")
└ @ Main /home/prat/gitspace/ipm/main.jl:83
┌ Debug: Graph(2, 1, [1 2], [-1; 1;;], [0 1; 0 0])
│   netw.Cost = [1]
│   netw.Cap = [1]
│   netw.Demand = [-1, 1]
└ @ Main /home/prat/gitspace/ipm/main.jl:85
┌ Debug: [phase 1]
└ @ Main /home/prat/gitspace/ipm/main.jl:62
┌ Debug: [init]
│   s = MehrotraPC([-1 0; 1 0; 1 1], [-1, 1, 1], [0, 0], [0.1, 0.1], [0.0, 0.0, 0.0], [0.1, 0.1])
└ @ Main /home/prat/gitspace/ipm/main.jl:39
┌ Debug: [iter start]
│   s.x = [0.1, 0.1]
│   s.y = [0.0, 0.0, 0.0]
│   s.s = [0.1, 0.1]
└ @ Main /home/prat/gitspace/ipm/main.jl:41
┌ Debug: [iter]
│   t = 1
│   s.x = [0.1, 0.1]
│   s.y = [0.0, 0.0, 0.0]
│   s.s = [0.1, 0.1]
└ @ Main /home/prat/gitspace/ipm/main.jl:44
┌ Debug: [iter]
│   mu = 0.010000000000000002
│   rd = [0.1, 0.1]
│   rp = [0.9, -0.9, -0.8]
│   rc = [0.010000000000000002, 0.010000000000000002]
└ @ Main /home/prat/gitspace/ipm/main.jl:47
┌ Debug: [iter]
│   ap = 0.8999999999999954
│   ad = 0.9
│   dx = [0.8999999999999996, -0.10000000000000053]
│   dy = [3.999999999999992, -3.9999999999999876, -0.10000000000000128]
│   ds = [7.999999999999983, 2.3592239273284576e-15]
└ @ Main /home/prat/gitspace/ipm/mehrotra_predictor_corrector.jl:63
┌ Debug: [iter]
│   t = 2
│   s.x = [0.9099999999999954, 0.009999999999999995]
│   s.y = [3.599999999999993, -3.599999999999989, -0.09000000000000116]
│   s.s = [7.299999999999985, 0.10000000000000213]
└ @ Main /home/prat/gitspace/ipm/main.jl:44
┌ Debug: [iter]
│   mu = 3.3219999999999765
│   rd = [0.010000000000002451, 0.010000000000000966]
│   rp = [0.09000000000000463, -0.09000000000000463, -0.08000000000000462]
│   rc = [6.642999999999953, 0.0010000000000000208]
└ @ Main /home/prat/gitspace/ipm/main.jl:47
┌ Debug: [iter]
│   ap = 0.9
│   ad = 0.9
│   dx = [0.09000000000000391, -0.009999999999999133]
│   dy = [-3.614297790121945, 3.6142977901219693, -0.010000000000007947]
│   ds = [-7.228595580243908, 6.231126725708691e-15]
└ @ Main /home/prat/gitspace/ipm/mehrotra_predictor_corrector.jl:63
┌ Debug: [iter]
│   t = 3
│   s.x = [0.9909999999999989, 0.0010000000000007746]
│   s.y = [0.34713198889024266, -0.34713198889021646, -0.09900000000000832]
│   s.s = [0.7942639777804672, 0.10000000000000774]
└ @ Main /home/prat/gitspace/ipm/main.jl:44
┌ Debug: [iter]
│   mu = 0.3936078009902211
│   rd = [0.0009999999999997788, 0.000999999999999418]
│   rp = [0.009000000000001118, -0.009000000000001118, -0.00800000000000034]
│   rc = [0.7871156019804421, 0.0001000000000000852]
└ @ Main /home/prat/gitspace/ipm/main.jl:47
┌ Debug: [iter]
│   ap = 0.9
│   ad = 0.9
│   dx = [0.00900000000000097, -0.0010000000000006427]
│   dy = [-0.39709923426905763, 0.3970992342690474, -0.000999999999950818]
│   ds = [-0.7941984685381541, -4.860001290296623e-14]
└ @ Main /home/prat/gitspace/ipm/mehrotra_predictor_corrector.jl:63
┌ Debug: [iter]
│   t = 4
│   s.x = [0.9990999999999998, 0.00010000000000019607]
│   s.y = [-0.010257321951909204, 0.010257321951926246, -0.09989999999996406]
│   s.s = [0.0794853560961285, 0.09999999999996399]
└ @ Main /home/prat/gitspace/ipm/main.jl:44
┌ Debug: [iter]
│   mu = 0.03971190963782099
│   rd = [9.999999999989184e-5, 9.999999999993348e-5]
│   rp = [0.000900000000000234, -0.000900000000000234, -0.0008000000000000229]
│   rc = [0.07941381927564196, 1.0000000000016006e-5]
└ @ Main /home/prat/gitspace/ipm/main.jl:47
┌ Debug: [iter]
│   ap = 0.9
│   ad = 0.9
│   dx = [0.0009000000000002246, -0.00010000000000019364]
│   dy = [-0.039742645798481885, 0.039742645798486846, -0.0001000000000248441]
│   ds = [-0.07948529159694377, 2.4924506902834764e-14]
└ @ Main /home/prat/gitspace/ipm/mehrotra_predictor_corrector.jl:63
┌ Debug: [iter]
│   t = 5
│   s.x = [0.99991, 1.0000000000021792e-5]
│   s.y = [-0.0460257031705429, 0.04602570317056441, -0.09998999999998642]
│   s.s = [0.007948593658879108, 0.09999999999998642]
└ @ Main /home/prat/gitspace/ipm/main.jl:44
┌ Debug: [iter]
│   mu = 0.003974439142724905
│   rd = [9.999999999996123e-6, 9.999999999996123e-6]
│   rp = [9.00000000000345e-5, -9.00000000000345e-5, -7.999999999996898e-5]
│   rc = [0.007947878285449808, 1.0000000000020434e-6]
└ @ Main /home/prat/gitspace/ipm/main.jl:47
┌ Debug: [iter]
│   ap = 0.8999999999960827
│   ad = 0.9
│   dx = [9.000000000003456e-5, -1.0000000000065317e-5]
│   dy = [-0.003974296797676073, 0.003974296797689125, -1.0000000881152382e-5]
│   ds = [-0.007948593594483903, 8.812117702206024e-13]
└ @ Main /home/prat/gitspace/ipm/mehrotra_predictor_corrector.jl:63
┌ Debug: [iter]
│   t = 6
│   s.x = [0.9999909999999996, 1.0000000000021792e-6]
│   s.y = [-0.049602570288451366, 0.049602570288484624, -0.09999900000077946]
│   s.s = [0.000794859423843595, 0.10000000000077951]
└ @ Main /home/prat/gitspace/ipm/main.jl:44
┌ Debug: [iter]
│   mu = 0.00039747613505439054
│   rd = [1.0000000001267675e-6, 1.0000000000426335e-6]
│   rp = [9.000000000369823e-6, -9.000000000369823e-6, -8.000000000341068e-6]
│   rc = [0.00079485227010878, 1.0000000000099742e-7]
└ @ Main /home/prat/gitspace/ipm/main.jl:47
┌ Debug: [iter]
│   ap = 0.8999999999715291
│   ad = 0.9
│   dx = [9.000000000371951e-6, -1.0000000000338135e-6]
│   dy = [-0.0003974297145452402, 0.0003974297145458369, -1.0000053120712282e-6]
│   ds = [-0.0007948594237792087, 5.311917572470293e-12]
└ @ Main /home/prat/gitspace/ipm/mehrotra_predictor_corrector.jl:63
┌ Debug: [iter]
│   t = 7
│   s.x = [0.9999990999999997, 1.000000000002179e-7]
│   s.y = [-0.04996025703154208, 0.049960257031575875, -0.09999990000556033]
│   s.s = [7.948594244230704e-5, 0.10000000000556024]
└ @ Main /home/prat/gitspace/ipm/main.jl:44
┌ Debug: [iter]
│   mu = 3.97479354524797e-5
│   rd = [9.999999993164348e-8, 9.999999990573105e-8]
│   rp = [9.000000003034359e-7, -9.000000003034359e-7, -8.000000003560714e-7]
│   rc = [7.948587090495883e-5, 1.0000000000577814e-8]
└ @ Main /home/prat/gitspace/ipm/main.jl:47
┌ Debug: [iter]
│   ap = 0.9
│   ad = 0.9
│   dx = [9.000000003034356e-7, -9.999999994736607e-8]
│   dy = [-3.974291837643279e-5, 3.974291838623745e-5, -9.989432038504109e-8]
│   ds = [-7.948594244224267e-5, -1.0567953456774859e-10]
└ @ Main /home/prat/gitspace/ipm/mehrotra_predictor_corrector.jl:63
┌ Debug: [iter]
│   t = 8
│   s.x = [0.99999991, 1.0000000047588425e-8]
│   s.y = [-0.049996025658080874, 0.049996025658123486, -0.09999998991044867]
│   s.s = [7.948594244288636e-6, 0.09999999991044865]
└ @ Main /home/prat/gitspace/ipm/main.jl:44
┌ Debug: [iter]
│   mu = 3.974796764459509e-6
│   rd = [9.99999998309482e-9, 9.999999980858654e-9]
│   rp = [9.000000000813912e-8, -9.000000000813912e-8, -7.999999995789153e-8]
│   rc = [7.948593528915155e-6, 1.0000000038633291e-9]
└ @ Main /home/prat/gitspace/ipm/main.jl:47
┌ Debug: [iter]
│   ap = 0.8999999997606574
│   ad = 0.9
│   dx = [9.000000000813883e-8, -1.0000000050247788e-8]
│   dy = [-3.9743236930345205e-6, 3.97432369184797e-6, -1.0053140458987642e-8]
│   ds = [-7.948594244288577e-6, 5.3140408740048883e-11]
└ @ Main /home/prat/gitspace/ipm/mehrotra_predictor_corrector.jl:63
┌ Debug: [iter]
│   t = 9
│   s.x = [0.999999991, 1.0000000047588419e-9]
│   s.y = [-0.0499996025494046, 0.049999602549446145, -0.09999999895827509]
│   s.s = [7.948594244289171e-7, 0.09999999995827502]
└ @ Main /home/prat/gitspace/ipm/main.jl:44
┌ Debug: [iter]
│   mu = 3.974797086378082e-7
│   rd = [1.0000000788541838e-9, 9.999999300847051e-10]
│   rp = [8.999999967507222e-9, -8.999999967507222e-9, -7.999999995789153e-9]
│   rc = [7.948594172751823e-7, 1.000000004341592e-10]
└ @ Main /home/prat/gitspace/ipm/main.jl:47
┌ Debug: [iter end]
│   s.x = [0.999999991, 1.0000000047588419e-9]
│   s.y = [-0.0499996025494046, 0.049999602549446145, -0.09999999895827509]
│   s.s = [7.948594244289171e-7, 0.09999999995827502]
│   optimal = true
│   niters = 8
└ @ Main /home/prat/gitspace/ipm/main.jl:57
┌ Debug: [phase 2]
└ @ Main /home/prat/gitspace/ipm/main.jl:68
┌ Debug: [init]
│   s = MehrotraPC([-1 0; 1 0; 1 1], [-1, 1, 1], [1, 0], [0.999999991, 1.0000000047588419e-9], [-0.0499996025494046, 0.049999602549446145, -0.09999999895827509], [7.948594244289171e-7, 0.09999999995827502])
└ @ Main /home/prat/gitspace/ipm/main.jl:39
┌ Debug: [iter start]
│   s.x = [0.999999991, 1.0000000047588419e-9]
│   s.y = [-0.0499996025494046, 0.049999602549446145, -0.09999999895827509]
│   s.s = [7.948594244289171e-7, 0.09999999995827502]
└ @ Main /home/prat/gitspace/ipm/main.jl:41
┌ Debug: [iter]
│   t = 1
│   s.x = [0.999999991, 1.0000000047588419e-9]
│   s.y = [-0.0499996025494046, 0.049999602549446145, -0.09999999895827509]
│   s.s = [7.948594244289171e-7, 0.09999999995827502]
└ @ Main /home/prat/gitspace/ipm/main.jl:44
┌ Debug: [iter]
│   mu = 3.974797086378082e-7
│   rd = [-0.9999999989999999, 9.999999300847051e-10]
│   rp = [8.999999967507222e-9, -8.999999967507222e-9, -7.999999995789153e-9]
│   rc = [7.948594172751823e-7, 1.000000004341592e-10]
└ @ Main /home/prat/gitspace/ipm/main.jl:47
┌ Debug: [iter]
│   ap = 0.8999999853916235
│   ad = 0.9
│   dx = [9.000000069410783e-9, -1.0000000209903717e-9]
│   dy = [-0.5000003742625801, 0.5000003629427804, 5.6654064550798466e-8]
│   ds = [-7.948594241558716e-7, -5.765406396740502e-8]
└ @ Main /home/prat/gitspace/ipm/mehrotra_predictor_corrector.jl:63
┌ Debug: [iter]
│   t = 2
│   s.x = [0.9999999990999999, 1.000000004758841e-10]
│   s.y = [-0.49999993938572673, 0.4999999291979485, -0.09999994796961699]
│   s.s = [7.948594268863268e-8, 0.09999994806961746]
└ @ Main /home/prat/gitspace/ipm/main.jl:44
┌ Debug: [iter]
│   mu = 3.9747971305974936e-8
│   rd = [-0.09999999989999897, 1.0000046624103476e-10]
│   rp = [9.000000744663339e-10, -9.000000744663339e-10, -8.000000661922968e-10]
│   rc = [7.948594261709532e-8, 9.999994854550131e-12]
└ @ Main /home/prat/gitspace/ipm/main.jl:47
┌ Debug: [iter]
│   ap = 0.899999861777506
│   ad = 0.8999999997247772
│   dx = [9.000000679327596e-10, -1.0000001583394142e-10]
│   dy = [-0.05000003142618654, 0.05000002379190089, 2.4167854245638054e-8]
│   ds = [-7.948594271293973e-8, -2.4267854684123513e-8]
└ @ Main /home/prat/gitspace/ipm/mehrotra_predictor_corrector.jl:63
┌ Debug: [iter]
│   t = 3
│   s.x = [0.9999999999099999, 1.0000000047588416e-11]
│   s.y = [-0.5449999676555335, 0.5449999505968981, -0.09999992621854817]
│   s.s = [7.948594268863263e-9, 0.09999992622854825]
└ @ Main /home/prat/gitspace/ipm/main.jl:44
┌ Debug: [iter]
│   mu = 3.974797133707467e-9
│   rd = [-0.010000000017522326, 1.0000084094130557e-11]
│   rp = [9.000011846893585e-11, -9.000011846893585e-11, -8.000011764153214e-11]
│   rc = [7.948594268147889e-9, 9.999992670443206e-13]
└ @ Main /home/prat/gitspace/ipm/main.jl:47
┌ Debug: [iter]
│   ap = 0.8999999072749435
│   ad = 0.9
│   dx = [9.000011839426243e-11, -1.0000001077866933e-11]
│   dy = [-0.005000015916932152, 0.005000002794485724, -1.0745301259884599e-8]
│   ds = [-7.948594267128253e-9, 1.0735301148034893e-8]
└ @ Main /home/prat/gitspace/ipm/mehrotra_predictor_corrector.jl:63
┌ Debug: [iter]
│   t = 4
│   s.x = [0.999999999991, 1.000000004758841e-12]
│   s.y = [-0.5494999819807724, 0.5494999531119352, -0.0999999358893193]
│   s.s = [7.948594284478345e-10, 0.09999993589031929]
└ @ Main /home/prat/gitspace/ipm/main.jl:44
┌ Debug: [iter]
│   mu = 3.9747971418852344e-10
│   rd = [-0.0010000000017521549, 9.999917560676863e-13]
│   rp = [9.000022949123831e-12, -9.000022949123831e-12, -8.000045070843953e-12]
│   rc = [7.948594284406807e-10, 9.999993636620308e-14]
└ @ Main /home/prat/gitspace/ipm/main.jl:47
┌ Debug: [iter]
│   ap = 0.9
│   ad = 0.8999999997273322
│   dx = [9.000022818093821e-12, -9.999778432788396e-13]
│   dy = [-0.0004977518370839484, 0.0004977336583784492, 4.515301149171647e-6]
│   ds = [-7.948594286886485e-10, -4.515302149135647e-6]
└ @ Main /home/prat/gitspace/ipm/mehrotra_predictor_corrector.jl:63
┌ Debug: [iter]
│   t = 5
│   s.x = [0.9999999999990999, 1.0001994580788529e-13]
│   s.y = [-0.5499479586340122, 0.5499479134043401, -0.09999587211828627]
│   s.s = [7.948594284478343e-11, 0.0999958721183863]
└ @ Main /home/prat/gitspace/ipm/main.jl:44
┌ Debug: [iter]
│   mu = 3.974797221321109e-11
│   rd = [-0.000100000000448075, 1.000310945187266e-13]
│   rp = [9.000578060636144e-13, -9.000578060636144e-13, -8.000267115448878e-13]
│   rc = [7.948594284471189e-11, 1.0001581710293225e-14]
└ @ Main /home/prat/gitspace/ipm/main.jl:47
┌ Debug: [iter]
│   ap = 0.899899659578977
│   ad = 0.8999999998148507
│   dx = [9.000577958978157e-13, -1.0003109821067402e-13]
│   dy = [-6.11562142634886e-5, 6.11650975174266e-5, -2.2321231847019507e-5]
│   ds = [-7.948594286113539e-11, 2.2321231746960657e-5]
└ @ Main /home/prat/gitspace/ipm/mehrotra_predictor_corrector.jl:63
┌ Debug: [iter]
│   t = 6
│   s.x = [0.9999999999999098, 1.0001994580788519e-14]
│   s.y = [-0.550002999226838, 0.5500029619920945, -0.10001596122694445]
│   s.s = [7.948594284478345e-12, 0.10001596122695443]
└ @ Main /home/prat/gitspace/ipm/main.jl:44
┌ Debug: [iter]
│   mu = 3.974797321789906e-12
│   rd = [-1.0000000063237202e-5, 9.978129433818594e-15]
│   rp = [9.015010959956271e-14, -9.015010959956271e-14, -8.01581023779363e-14]
│   rc = [7.948594284477628e-12, 1.0003591021843528e-15]
└ @ Main /home/prat/gitspace/ipm/main.jl:47
┌ Debug: [iter]
│   ap = 0.9
│   ad = 0.899999994960017
│   dx = [9.01501056674496e-14, -9.991993046631997e-15]
│   dy = [9.557666756824373e-5, -9.420379021507497e-5, 0.00019978046579503805]
│   ds = [-7.948594328990324e-12, -0.00019978046580501618]
└ @ Main /home/prat/gitspace/ipm/mehrotra_predictor_corrector.jl:63
┌ Debug: [iter]
│   t = 7
│   s.x = [0.999999999999991, 1.009200838819721e-15]
│   s.y = [-0.5499169802265084, 0.5499181785813757, -0.09983615880873581]
│   s.s = [7.948594284478344e-13, 0.09983615880873681]
└ @ Main /home/prat/gitspace/ipm/main.jl:44
┌ Debug: [iter]
│   mu = 3.9748009159152075e-13
│   rd = [-1.0000000568721745e-6, 9.992007221626409e-16]
│   rp = [8.992806499463768e-15, -8.992806499463768e-15, -7.993605777301127e-15]
│   rc = [7.948594284478272e-13, 1.0075473521431607e-16]
└ @ Main /home/prat/gitspace/ipm/main.jl:47
┌ Debug: [iter]
│   ap = 0.9
│   ad = 0.9
│   dx = [8.992855617692692e-15, -9.993479133789409e-16]
│   dy = [-4.000003408924811e-7, 4.000003408924815e-7, 2.0000016994664023e-7]
│   ds = [-7.948594283489842e-13, -2.000001709458412e-7]
└ @ Main /home/prat/gitspace/ipm/mehrotra_predictor_corrector.jl:63
┌ Debug: [iter]
│   t = 8
│   s.x = [0.9999999999999991, 1.0978771677867424e-16]
│   s.y = [-0.5499173402268152, 0.5499185385816825, -0.09983597880858286]
│   s.s = [7.948594293374861e-14, 0.09983597880858296]
└ @ Main /home/prat/gitspace/ipm/main.jl:44
┌ Debug: [iter]
│   mu = 3.9748451848957145e-14
│   rd = [-1.0000000572052414e-7, 9.71445146547012e-17]
│   rp = [8.881784197001252e-16, -8.881784197001252e-16, -7.771561172376096e-16]
│   rc = [7.948594293374854e-14, 1.0960764165758429e-17]
└ @ Main /home/prat/gitspace/ipm/main.jl:47
┌ Debug: [iter end]
│   s.x = [0.9999999999999991, 1.0978771677867424e-16]
│   s.y = [-0.5499173402268152, 0.5499185385816825, -0.09983597880858286]
│   s.s = [7.948594293374861e-14, 0.09983597880858296]
│   optimal = true
│   niters = 7
└ @ Main /home/prat/gitspace/ipm/main.jl:57
