┌ Info: [cmdline args]
│   args = Dict{String, Any}("l" => "logs/1.dimacs.log", "i" => "data/1.dimacs")
└ @ Main /Users/pmz/gitspace/ipm/main.jl:111
┌ Info: [mcfp]
│   netw.G = Main.var"/Users/pmz/gitspace/ipm/graph.jl".Graphs.Graph(4, 5, [1 2; 2 3; 1 3; 1 4; 4 3], [-1 0 -1 -1 0; 1 -1 0 0 0; 0 1 1 0 1; 0 0 0 1 -1], [0 1 1 1; 0 0 1 0; 0 0 0 0; 0 0 1 0])
│   netw.Cost = [1, 1, 3, 5, 5]
│   netw.Cap = [1, 1, 1, 1, 1]
│   netw.Demand = [-1, 0, 1, 0]
└ @ Main /Users/pmz/gitspace/ipm/main.jl:114
┌ Info: [phase 1]
└ @ Main /Users/pmz/gitspace/ipm/main.jl:90
┌ Info: [iter]
│   t = 1
└ @ Main /Users/pmz/gitspace/ipm/main.jl:58
┌ Info: [iter]
│   mu = 0.05000000000000001
│   norm(rd, Inf) = 0.1
│   norm(rp, Inf) = 0.10000000000000009
└ @ Main /Users/pmz/gitspace/ipm/main.jl:62
┌ Info: [iter]
│   del_mu = 0.0422448912388521
└ @ Main /Users/pmz/gitspace/ipm/main.jl:75
┌ Info: [iter]
│   t = 2
└ @ Main /Users/pmz/gitspace/ipm/main.jl:58
┌ Info: [iter]
│   mu = 0.007755108761147912
│   norm(rd, Inf) = 0.01417218543046361
│   norm(rp, Inf) = 0.009999999999999787
└ @ Main /Users/pmz/gitspace/ipm/main.jl:62
┌ Info: [iter end]
│   optimal = true
│   niters = 1
└ @ Main /Users/pmz/gitspace/ipm/main.jl:79
┌ Info: [phase 2]
└ @ Main /Users/pmz/gitspace/ipm/main.jl:96
┌ Info: [iter]
│   t = 1
└ @ Main /Users/pmz/gitspace/ipm/main.jl:58
┌ Info: [iter]
│   mu = 0.007755108761147912
│   norm(rd, Inf) = 4.985827814569537
│   norm(rp, Inf) = 0.009999999999999787
└ @ Main /Users/pmz/gitspace/ipm/main.jl:62
┌ Info: [iter]
│   del_mu = -11.176632587474078
└ @ Main /Users/pmz/gitspace/ipm/main.jl:75
┌ Info: [iter]
│   t = 2
└ @ Main /Users/pmz/gitspace/ipm/main.jl:58
┌ Info: [iter]
│   mu = 11.184387696235225
│   norm(rd, Inf) = 0.49858278145695323
│   norm(rp, Inf) = 0.009995890693602849
└ @ Main /Users/pmz/gitspace/ipm/main.jl:62
┌ Info: [iter]
│   del_mu = 9.916912177839126
└ @ Main /Users/pmz/gitspace/ipm/main.jl:75
┌ Info: [iter]
│   t = 3
└ @ Main /Users/pmz/gitspace/ipm/main.jl:58
┌ Info: [iter]
│   mu = 1.2674755183960988
│   norm(rd, Inf) = 0.05660350077213394
│   norm(rp, Inf) = 0.0009995890693601517
└ @ Main /Users/pmz/gitspace/ipm/main.jl:62
┌ Info: [iter]
│   del_mu = 1.053916357036633
└ @ Main /Users/pmz/gitspace/ipm/main.jl:75
┌ Info: [iter]
│   t = 4
└ @ Main /Users/pmz/gitspace/ipm/main.jl:58
┌ Info: [iter]
│   mu = 0.2135591613594658
│   norm(rd, Inf) = 0.009648926578079475
│   norm(rp, Inf) = 9.99589069361484e-5
└ @ Main /Users/pmz/gitspace/ipm/main.jl:62
┌ Info: [iter]
│   del_mu = 0.17096224195676843
└ @ Main /Users/pmz/gitspace/ipm/main.jl:75
┌ Info: [iter]
│   t = 5
└ @ Main /Users/pmz/gitspace/ipm/main.jl:58
┌ Info: [iter]
│   mu = 0.042596919402697365
│   norm(rd, Inf) = 0.0021028739798385487
│   norm(rp, Inf) = 9.995890693392795e-6
└ @ Main /Users/pmz/gitspace/ipm/main.jl:62
┌ Info: [iter end]
│   optimal = true
│   niters = 4
└ @ Main /Users/pmz/gitspace/ipm/main.jl:79
