┌ Info: [cmdline args]
│   args = Dict{String, Any}("l" => "logs/ng_20_292_5_3_97.dimacs.log", "i" => "data/ng_20_292_5_3_97.dimacs")
└ @ Main /Users/pmz/gitspace/ipm/main.jl:117
┌ Info: [mcfp]
│   onetw.G = Main.var"/Users/pmz/gitspace/ipm/graph.jl".Graphs.Graph(20, 238, [1 9; 1 11; 1 13; 1 6; 1 19; 1 8; 1 15; 1 12; 1 17; 1 16; 1 18; 1 7; 1 14; 1 10; 9 13; 9 16; 9 10; 9 17; 9 12; 9 19; 9 14; 9 11; 9 20; 9 7; 9 18; 9 15; 9 8; 9 6; 13 15; 13 20; 13 10; 13 18; 13 12; 13 14; 13 8; 13 19; 13 7; 13 17; 13 11; 13 6; 13 9; 13 16; 15 19; 15 11; 15 20; 15 14; 15 18; 15 10; 15 16; 15 6; 15 12; 15 17; 15 13; 15 9; 15 7; 15 8; 2 17; 2 19; 2 13; 2 10; 2 8; 2 11; 2 7; 2 12; 2 15; 2 14; 2 9; 2 6; 2 18; 2 16; 7 16; 7 6; 7 13; 7 12; 7 14; 7 17; 7 9; 7 11; 7 8; 7 20; 7 10; 7 19; 7 18; 7 15; 16 19; 16 18; 16 17; 16 20; 16 13; 16 6; 16 14; 16 9; 16 15; 16 7; 16 8; 16 12; 16 11; 16 10; 17 7; 17 18; 17 20; 17 10; 17 6; 17 12; 17 8; 17 19; 17 16; 17 13; 17 15; 17 11; 17 9; 17 14; 3 10; 3 17; 3 15; 3 16; 3 13; 3 18; 3 11; 3 8; 3 12; 3 14; 3 7; 3 19; 3 6; 3 9; 10 11; 10 18; 10 17; 10 20; 10 7; 10 8; 10 14; 10 16; 10 6; 10 19; 10 12; 10 13; 10 9; 10 15; 11 19; 11 9; 11 14; 11 20; 11 16; 11 17; 11 8; 11 15; 11 12; 11 7; 11 13; 11 10; 11 6; 11 18; 4 12; 4 19; 4 16; 4 7; 4 8; 4 9; 4 17; 4 15; 4 18; 4 13; 4 11; 4 6; 4 14; 4 10; 12 18; 12 19; 12 6; 12 11; 12 8; 12 16; 12 7; 12 15; 12 17; 12 20; 12 14; 12 10; 12 13; 12 9; 5 8; 5 16; 5 19; 5 7; 5 6; 5 9; 5 18; 5 12; 5 11; 5 17; 5 15; 5 13; 5 14; 5 10; 6 14; 6 18; 6 11; 6 10; 6 8; 6 13; 6 20; 6 7; 6 9; 6 12; 6 15; 6 17; 6 19; 6 16; 8 6; 8 20; 8 16; 8 12; 8 10; 8 19; 8 18; 8 13; 8 17; 8 15; 8 11; 8 14; 8 7; 8 9; 14 19; 14 15; 14 20; 14 16; 14 18; 14 11; 14 13; 14 12; 14 9; 14 6; 14 10; 14 17; 14 7; 14 8], [-1 -1 -1 -1 -1 -1 -1 -1 -1 -1 -1 -1 -1 -1 0 0 0 0 0 0 0 0 0 0 0 0 0 0 0 0 0 0 0 0 0 0 0 0 0 0 0 0 0 0 0 0 0 0 0 0 0 0 0 0 0 0 0 0 0 0 0 0 0 0 0 0 0 0 0 0 0 0 0 0 0 0 0 0 0 0 0 0 0 0 0 0 0 0 0 0 0 0 0 0 0 0 0 0 0 0 0 0 0 0 0 0 0 0 0 0 0 0 0 0 0 0 0 0 0 0 0 0 0 0 0 0 0 0 0 0 0 0 0 0 0 0 0 0 0 0 0 0 0 0 0 0 0 0 0 0 0 0 0 0 0 0 0 0 0 0 0 0 0 0 0 0 0 0 0 0 0 0 0 0 0 0 0 0 0 0 0 0 0 0 0 0 0 0 0 0 0 0 0 0 0 0 0 0 0 0 0 0 0 0 0 0 0 0 0 0 0 0 0 0 0 0 0 0 0 0 0 0 0 0 0 0 0 0 0 0 0 0 0 0 0 0 0 0; 0 0 0 0 0 0 0 0 0 0 0 0 0 0 0 0 0 0 0 0 0 0 0 0 0 0 0 0 0 0 0 0 0 0 0 0 0 0 0 0 0 0 0 0 0 0 0 0 0 0 0 0 0 0 0 0 -1 -1 -1 -1 -1 -1 -1 -1 -1 -1 -1 -1 -1 -1 0 0 0 0 0 0 0 0 0 0 0 0 0 0 0 0 0 0 0 0 0 0 0 0 0 0 0 0 0 0 0 0 0 0 0 0 0 0 0 0 0 0 0 0 0 0 0 0 0 0 0 0 0 0 0 0 0 0 0 0 0 0 0 0 0 0 0 0 0 0 0 0 0 0 0 0 0 0 0 0 0 0 0 0 0 0 0 0 0 0 0 0 0 0 0 0 0 0 0 0 0 0 0 0 0 0 0 0 0 0 0 0 0 0 0 0 0 0 0 0 0 0 0 0 0 0 0 0 0 0 0 0 0 0 0 0 0 0 0 0 0 0 0 0 0 0 0 0 0 0 0 0 0 0 0 0 0 0 0 0 0 0 0 0 0 0 0 0; 0 0 0 0 0 0 0 0 0 0 0 0 0 0 0 0 0 0 0 0 0 0 0 0 0 0 0 0 0 0 0 0 0 0 0 0 0 0 0 0 0 0 0 0 0 0 0 0 0 0 0 0 0 0 0 0 0 0 0 0 0 0 0 0 0 0 0 0 0 0 0 0 0 0 0 0 0 0 0 0 0 0 0 0 0 0 0 0 0 0 0 0 0 0 0 0 0 0 0 0 0 0 0 0 0 0 0 0 0 0 0 0 -1 -1 -1 -1 -1 -1 -1 -1 -1 -1 -1 -1 -1 -1 0 0 0 0 0 0 0 0 0 0 0 0 0 0 0 0 0 0 0 0 0 0 0 0 0 0 0 0 0 0 0 0 0 0 0 0 0 0 0 0 0 0 0 0 0 0 0 0 0 0 0 0 0 0 0 0 0 0 0 0 0 0 0 0 0 0 0 0 0 0 0 0 0 0 0 0 0 0 0 0 0 0 0 0 0 0 0 0 0 0 0 0 0 0 0 0 0 0 0 0 0 0 0 0 0 0 0 0 0 0 0 0; 0 0 0 0 0 0 0 0 0 0 0 0 0 0 0 0 0 0 0 0 0 0 0 0 0 0 0 0 0 0 0 0 0 0 0 0 0 0 0 0 0 0 0 0 0 0 0 0 0 0 0 0 0 0 0 0 0 0 0 0 0 0 0 0 0 0 0 0 0 0 0 0 0 0 0 0 0 0 0 0 0 0 0 0 0 0 0 0 0 0 0 0 0 0 0 0 0 0 0 0 0 0 0 0 0 0 0 0 0 0 0 0 0 0 0 0 0 0 0 0 0 0 0 0 0 0 0 0 0 0 0 0 0 0 0 0 0 0 0 0 0 0 0 0 0 0 0 0 0 0 0 0 0 0 -1 -1 -1 -1 -1 -1 -1 -1 -1 -1 -1 -1 -1 -1 0 0 0 0 0 0 0 0 0 0 0 0 0 0 0 0 0 0 0 0 0 0 0 0 0 0 0 0 0 0 0 0 0 0 0 0 0 0 0 0 0 0 0 0 0 0 0 0 0 0 0 0 0 0 0 0 0 0 0 0 0 0 0 0 0 0 0 0 0 0; 0 0 0 0 0 0 0 0 0 0 0 0 0 0 0 0 0 0 0 0 0 0 0 0 0 0 0 0 0 0 0 0 0 0 0 0 0 0 0 0 0 0 0 0 0 0 0 0 0 0 0 0 0 0 0 0 0 0 0 0 0 0 0 0 0 0 0 0 0 0 0 0 0 0 0 0 0 0 0 0 0 0 0 0 0 0 0 0 0 0 0 0 0 0 0 0 0 0 0 0 0 0 0 0 0 0 0 0 0 0 0 0 0 0 0 0 0 0 0 0 0 0 0 0 0 0 0 0 0 0 0 0 0 0 0 0 0 0 0 0 0 0 0 0 0 0 0 0 0 0 0 0 0 0 0 0 0 0 0 0 0 0 0 0 0 0 0 0 0 0 0 0 0 0 0 0 0 0 0 0 0 0 -1 -1 -1 -1 -1 -1 -1 -1 -1 -1 -1 -1 -1 -1 0 0 0 0 0 0 0 0 0 0 0 0 0 0 0 0 0 0 0 0 0 0 0 0 0 0 0 0 0 0 0 0 0 0 0 0 0 0 0 0 0 0; 0 0 0 1 0 0 0 0 0 0 0 0 0 0 0 0 0 0 0 0 0 0 0 0 0 0 0 1 0 0 0 0 0 0 0 0 0 0 0 1 0 0 0 0 0 0 0 0 0 1 0 0 0 0 0 0 0 0 0 0 0 0 0 0 0 0 0 1 0 0 0 1 0 0 0 0 0 0 0 0 0 0 0 0 0 0 0 0 0 1 0 0 0 0 0 0 0 0 0 0 0 0 1 0 0 0 0 0 0 0 0 0 0 0 0 0 0 0 0 0 0 0 0 0 1 0 0 0 0 0 0 0 0 0 1 0 0 0 0 0 0 0 0 0 0 0 0 0 0 0 0 0 1 0 0 0 0 0 0 0 0 0 0 0 0 1 0 0 0 0 1 0 0 0 0 0 0 0 0 0 0 0 0 0 0 0 1 0 0 0 0 0 0 0 0 0 -1 -1 -1 -1 -1 -1 -1 -1 -1 -1 -1 -1 -1 -1 1 0 0 0 0 0 0 0 0 0 0 0 0 0 0 0 0 0 0 0 0 0 0 1 0 0 0 0; 0 0 0 0 0 0 0 0 0 0 0 1 0 0 0 0 0 0 0 0 0 0 0 1 0 0 0 0 0 0 0 0 0 0 0 0 1 0 0 0 0 0 0 0 0 0 0 0 0 0 0 0 0 0 1 0 0 0 0 0 0 0 1 0 0 0 0 0 0 0 -1 -1 -1 -1 -1 -1 -1 -1 -1 -1 -1 -1 -1 -1 0 0 0 0 0 0 0 0 0 1 0 0 0 0 1 0 0 0 0 0 0 0 0 0 0 0 0 0 0 0 0 0 0 0 0 0 0 0 1 0 0 0 0 0 0 0 1 0 0 0 0 0 0 0 0 0 0 0 0 0 0 0 0 0 0 1 0 0 0 0 0 0 0 1 0 0 0 0 0 0 0 0 0 0 0 0 0 0 0 0 1 0 0 0 0 0 0 0 0 0 0 1 0 0 0 0 0 0 0 0 0 0 0 0 0 0 0 0 0 1 0 0 0 0 0 0 0 0 0 0 0 0 0 0 0 0 0 0 1 0 0 0 0 0 0 0 0 0 0 0 0 0 1 0; 0 0 0 0 0 1 0 0 0 0 0 0 0 0 0 0 0 0 0 0 0 0 0 0 0 0 1 0 0 0 0 0 0 0 1 0 0 0 0 0 0 0 0 0 0 0 0 0 0 0 0 0 0 0 0 1 0 0 0 0 1 0 0 0 0 0 0 0 0 0 0 0 0 0 0 0 0 0 1 0 0 0 0 0 0 0 0 0 0 0 0 0 0 0 1 0 0 0 0 0 0 0 0 0 1 0 0 0 0 0 0 0 0 0 0 0 0 0 0 1 0 0 0 0 0 0 0 0 0 0 0 1 0 0 0 0 0 0 0 0 0 0 0 0 0 0 1 0 0 0 0 0 0 0 0 0 0 0 1 0 0 0 0 0 0 0 0 0 0 0 0 0 1 0 0 0 0 0 0 0 0 0 1 0 0 0 0 0 0 0 0 0 0 0 0 0 0 0 0 0 1 0 0 0 0 0 0 0 0 0 -1 -1 -1 -1 -1 -1 -1 -1 -1 -1 -1 -1 -1 -1 0 0 0 0 0 0 0 0 0 0 0 0 0 1; 1 0 0 0 0 0 0 0 0 0 0 0 0 0 -1 -1 -1 -1 -1 -1 -1 -1 -1 -1 -1 -1 -1 -1 0 0 0 0 0 0 0 0 0 0 0 0 1 0 0 0 0 0 0 0 0 0 0 0 0 1 0 0 0 0 0 0 0 0 0 0 0 0 1 0 0 0 0 0 0 0 0 0 1 0 0 0 0 0 0 0 0 0 0 0 0 0 0 1 0 0 0 0 0 0 0 0 0 0 0 0 0 0 0 0 0 0 1 0 0 0 0 0 0 0 0 0 0 0 0 0 0 1 0 0 0 0 0 0 0 0 0 0 0 0 1 0 0 1 0 0 0 0 0 0 0 0 0 0 0 0 0 0 0 0 0 1 0 0 0 0 0 0 0 0 0 0 0 0 0 0 0 0 0 0 0 0 0 1 0 0 0 0 0 1 0 0 0 0 0 0 0 0 0 0 0 0 0 0 0 0 1 0 0 0 0 0 0 0 0 0 0 0 0 0 0 0 0 0 0 1 0 0 0 0 0 0 0 0 1 0 0 0 0 0; 0 0 0 0 0 0 0 0 0 0 0 0 0 1 0 0 1 0 0 0 0 0 0 0 0 0 0 0 0 0 1 0 0 0 0 0 0 0 0 0 0 0 0 0 0 0 0 1 0 0 0 0 0 0 0 0 0 0 0 1 0 0 0 0 0 0 0 0 0 0 0 0 0 0 0 0 0 0 0 0 1 0 0 0 0 0 0 0 0 0 0 0 0 0 0 0 0 1 0 0 0 1 0 0 0 0 0 0 0 0 0 0 1 0 0 0 0 0 0 0 0 0 0 0 0 0 -1 -1 -1 -1 -1 -1 -1 -1 -1 -1 -1 -1 -1 -1 0 0 0 0 0 0 0 0 0 0 0 1 0 0 0 0 0 0 0 0 0 0 0 0 0 0 0 1 0 0 0 0 0 0 0 0 0 0 0 1 0 0 0 0 0 0 0 0 0 0 0 0 0 0 0 1 0 0 0 1 0 0 0 0 0 0 0 0 0 0 0 0 0 0 1 0 0 0 0 0 0 0 0 0 0 0 0 0 0 0 0 0 0 0 1 0 0 0; 0 1 0 0 0 0 0 0 0 0 0 0 0 0 0 0 0 0 0 0 0 1 0 0 0 0 0 0 0 0 0 0 0 0 0 0 0 0 1 0 0 0 0 1 0 0 0 0 0 0 0 0 0 0 0 0 0 0 0 0 0 1 0 0 0 0 0 0 0 0 0 0 0 0 0 0 0 1 0 0 0 0 0 0 0 0 0 0 0 0 0 0 0 0 0 0 1 0 0 0 0 0 0 0 0 0 0 0 0 1 0 0 0 0 0 0 0 0 1 0 0 0 0 0 0 0 1 0 0 0 0 0 0 0 0 0 0 0 0 0 -1 -1 -1 -1 -1 -1 -1 -1 -1 -1 -1 -1 -1 -1 0 0 0 0 0 0 0 0 0 0 1 0 0 0 0 0 0 1 0 0 0 0 0 0 0 0 0 0 0 0 0 0 0 0 0 0 1 0 0 0 0 0 0 0 1 0 0 0 0 0 0 0 0 0 0 0 0 0 0 0 0 0 0 0 0 0 1 0 0 0 0 0 0 0 0 1 0 0 0 0 0 0 0 0; 0 0 0 0 0 0 0 1 0 0 0 0 0 0 0 0 0 0 1 0 0 0 0 0 0 0 0 0 0 0 0 0 1 0 0 0 0 0 0 0 0 0 0 0 0 0 0 0 0 0 1 0 0 0 0 0 0 0 0 0 0 0 0 1 0 0 0 0 0 0 0 0 0 1 0 0 0 0 0 0 0 0 0 0 0 0 0 0 0 0 0 0 0 0 0 1 0 0 0 0 0 0 0 1 0 0 0 0 0 0 0 0 0 0 0 0 0 0 0 0 1 0 0 0 0 0 0 0 0 0 0 0 0 0 0 0 1 0 0 0 0 0 0 0 0 0 0 0 1 0 0 0 0 0 1 0 0 0 0 0 0 0 0 0 0 0 0 0 -1 -1 -1 -1 -1 -1 -1 -1 -1 -1 -1 -1 -1 -1 0 0 0 0 0 0 0 1 0 0 0 0 0 0 0 0 0 0 0 0 0 0 0 1 0 0 0 0 0 0 0 1 0 0 0 0 0 0 0 0 0 0 0 0 0 0 0 0 0 1 0 0 0 0 0 0; 0 0 1 0 0 0 0 0 0 0 0 0 0 0 1 0 0 0 0 0 0 0 0 0 0 0 0 0 -1 -1 -1 -1 -1 -1 -1 -1 -1 -1 -1 -1 -1 -1 0 0 0 0 0 0 0 0 0 0 1 0 0 0 0 0 1 0 0 0 0 0 0 0 0 0 0 0 0 0 1 0 0 0 0 0 0 0 0 0 0 0 0 0 0 0 1 0 0 0 0 0 0 0 0 0 0 0 0 0 0 0 0 0 0 1 0 0 0 0 0 0 0 0 1 0 0 0 0 0 0 0 0 0 0 0 0 0 0 0 0 0 0 0 0 1 0 0 0 0 0 0 0 0 0 0 0 0 1 0 0 0 0 0 0 0 0 0 0 0 0 1 0 0 0 0 0 0 0 0 0 0 0 0 0 0 0 0 1 0 0 0 0 0 0 0 0 0 0 0 0 1 0 0 0 0 0 0 0 1 0 0 0 0 0 0 0 0 0 0 0 0 0 0 0 1 0 0 0 0 0 0 0 0 0 0 0 0 1 0 0 0 0 0 0 0; 0 0 0 0 0 0 0 0 0 0 0 0 1 0 0 0 0 0 0 0 1 0 0 0 0 0 0 0 0 0 0 0 0 1 0 0 0 0 0 0 0 0 0 0 0 1 0 0 0 0 0 0 0 0 0 0 0 0 0 0 0 0 0 0 0 1 0 0 0 0 0 0 0 0 1 0 0 0 0 0 0 0 0 0 0 0 0 0 0 0 1 0 0 0 0 0 0 0 0 0 0 0 0 0 0 0 0 0 0 0 0 1 0 0 0 0 0 0 0 0 0 1 0 0 0 0 0 0 0 0 0 0 1 0 0 0 0 0 0 0 0 0 1 0 0 0 0 0 0 0 0 0 0 0 0 0 0 0 0 0 0 0 0 0 0 0 1 0 0 0 0 0 0 0 0 0 0 0 1 0 0 0 0 0 0 0 0 0 0 0 0 0 0 0 1 0 1 0 0 0 0 0 0 0 0 0 0 0 0 0 0 0 0 0 0 0 0 0 0 0 0 1 0 0 -1 -1 -1 -1 -1 -1 -1 -1 -1 -1 -1 -1 -1 -1; 0 0 0 0 0 0 1 0 0 0 0 0 0 0 0 0 0 0 0 0 0 0 0 0 0 1 0 0 1 0 0 0 0 0 0 0 0 0 0 0 0 0 -1 -1 -1 -1 -1 -1 -1 -1 -1 -1 -1 -1 -1 -1 0 0 0 0 0 0 0 0 1 0 0 0 0 0 0 0 0 0 0 0 0 0 0 0 0 0 0 1 0 0 0 0 0 0 0 0 1 0 0 0 0 0 0 0 0 0 0 0 0 0 0 0 1 0 0 0 0 0 1 0 0 0 0 0 0 0 0 0 0 0 0 0 0 0 0 0 0 0 0 0 0 0 0 1 0 0 0 0 0 0 0 1 0 0 0 0 0 0 0 0 0 0 0 0 0 1 0 0 0 0 0 0 0 0 0 0 0 0 0 1 0 0 0 0 0 0 0 0 0 0 0 0 0 0 0 0 1 0 0 0 0 0 0 0 0 0 0 0 0 0 1 0 0 0 0 0 0 0 0 0 0 0 0 1 0 0 0 0 0 1 0 0 0 0 0 0 0 0 0 0 0 0; 0 0 0 0 0 0 0 0 0 1 0 0 0 0 0 1 0 0 0 0 0 0 0 0 0 0 0 0 0 0 0 0 0 0 0 0 0 0 0 0 0 1 0 0 0 0 0 0 1 0 0 0 0 0 0 0 0 0 0 0 0 0 0 0 0 0 0 0 0 1 1 0 0 0 0 0 0 0 0 0 0 0 0 0 -1 -1 -1 -1 -1 -1 -1 -1 -1 -1 -1 -1 -1 -1 0 0 0 0 0 0 0 0 1 0 0 0 0 0 0 0 0 1 0 0 0 0 0 0 0 0 0 0 0 0 0 0 0 0 0 1 0 0 0 0 0 0 0 0 0 0 1 0 0 0 0 0 0 0 0 0 0 0 1 0 0 0 0 0 0 0 0 0 0 0 0 0 0 0 0 1 0 0 0 0 0 0 0 0 0 1 0 0 0 0 0 0 0 0 0 0 0 0 0 0 0 0 0 0 0 0 0 0 0 0 0 1 0 0 1 0 0 0 0 0 0 0 0 0 0 0 0 0 0 1 0 0 0 0 0 0 0 0 0 0; 0 0 0 0 0 0 0 0 1 0 0 0 0 0 0 0 0 1 0 0 0 0 0 0 0 0 0 0 0 0 0 0 0 0 0 0 0 1 0 0 0 0 0 0 0 0 0 0 0 0 0 1 0 0 0 0 1 0 0 0 0 0 0 0 0 0 0 0 0 0 0 0 0 0 0 1 0 0 0 0 0 0 0 0 0 0 1 0 0 0 0 0 0 0 0 0 0 0 -1 -1 -1 -1 -1 -1 -1 -1 -1 -1 -1 -1 -1 -1 0 1 0 0 0 0 0 0 0 0 0 0 0 0 0 0 1 0 0 0 0 0 0 0 0 0 0 0 0 0 0 0 0 1 0 0 0 0 0 0 0 0 0 0 0 0 0 0 1 0 0 0 0 0 0 0 0 0 0 0 0 0 0 0 1 0 0 0 0 0 0 0 0 0 0 0 0 0 0 1 0 0 0 0 0 0 0 0 0 0 0 0 0 0 0 1 0 0 0 0 0 0 0 0 0 0 1 0 0 0 0 0 0 0 0 0 0 0 0 0 0 0 0 1 0 0; 0 0 0 0 0 0 0 0 0 0 1 0 0 0 0 0 0 0 0 0 0 0 0 0 1 0 0 0 0 0 0 1 0 0 0 0 0 0 0 0 0 0 0 0 0 0 1 0 0 0 0 0 0 0 0 0 0 0 0 0 0 0 0 0 0 0 0 0 1 0 0 0 0 0 0 0 0 0 0 0 0 0 1 0 0 1 0 0 0 0 0 0 0 0 0 0 0 0 0 1 0 0 0 0 0 0 0 0 0 0 0 0 0 0 0 0 0 1 0 0 0 0 0 0 0 0 0 1 0 0 0 0 0 0 0 0 0 0 0 0 0 0 0 0 0 0 0 0 0 0 0 0 0 1 0 0 0 0 0 0 0 0 1 0 0 0 0 0 1 0 0 0 0 0 0 0 0 0 0 0 0 0 0 0 0 0 0 0 1 0 0 0 0 0 0 0 0 1 0 0 0 0 0 0 0 0 0 0 0 0 0 0 0 0 0 0 1 0 0 0 0 0 0 0 0 0 0 0 1 0 0 0 0 0 0 0 0 0; 0 0 0 0 1 0 0 0 0 0 0 0 0 0 0 0 0 0 0 1 0 0 0 0 0 0 0 0 0 0 0 0 0 0 0 1 0 0 0 0 0 0 1 0 0 0 0 0 0 0 0 0 0 0 0 0 0 1 0 0 0 0 0 0 0 0 0 0 0 0 0 0 0 0 0 0 0 0 0 0 0 1 0 0 1 0 0 0 0 0 0 0 0 0 0 0 0 0 0 0 0 0 0 0 0 1 0 0 0 0 0 0 0 0 0 0 0 0 0 0 0 0 0 1 0 0 0 0 0 0 0 0 0 0 0 1 0 0 0 0 1 0 0 0 0 0 0 0 0 0 0 0 0 0 0 1 0 0 0 0 0 0 0 0 0 0 0 0 0 1 0 0 0 0 0 0 0 0 0 0 0 0 0 0 1 0 0 0 0 0 0 0 0 0 0 0 0 0 0 0 0 0 0 0 0 0 0 0 1 0 0 0 0 0 0 1 0 0 0 0 0 0 0 0 1 0 0 0 0 0 0 0 0 0 0 0 0 0; 0 0 0 0 0 0 0 0 0 0 0 0 0 0 0 0 0 0 0 0 0 0 1 0 0 0 0 0 0 1 0 0 0 0 0 0 0 0 0 0 0 0 0 0 1 0 0 0 0 0 0 0 0 0 0 0 0 0 0 0 0 0 0 0 0 0 0 0 0 0 0 0 0 0 0 0 0 0 0 1 0 0 0 0 0 0 0 1 0 0 0 0 0 0 0 0 0 0 0 0 1 0 0 0 0 0 0 0 0 0 0 0 0 0 0 0 0 0 0 0 0 0 0 0 0 0 0 0 0 1 0 0 0 0 0 0 0 0 0 0 0 0 0 1 0 0 0 0 0 0 0 0 0 0 0 0 0 0 0 0 0 0 0 0 0 0 0 0 0 0 0 0 0 0 0 0 0 1 0 0 0 0 0 0 0 0 0 0 0 0 0 0 0 0 0 0 0 0 0 0 0 0 1 0 0 0 0 0 0 0 0 1 0 0 0 0 0 0 0 0 0 0 0 0 0 0 1 0 0 0 0 0 0 0 0 0 0 0], [0 0 0 0 0 1 1 1 1 1 1 1 1 1 1 1 1 1 1 0; 0 0 0 0 0 1 1 1 1 1 1 1 1 1 1 1 1 1 1 0; 0 0 0 0 0 1 1 1 1 1 1 1 1 1 1 1 1 1 1 0; 0 0 0 0 0 1 1 1 1 1 1 1 1 1 1 1 1 1 1 0; 0 0 0 0 0 1 1 1 1 1 1 1 1 1 1 1 1 1 1 0; 0 0 0 0 0 0 1 1 1 1 1 1 1 1 1 1 1 1 1 1; 0 0 0 0 0 1 0 1 1 1 1 1 1 1 1 1 1 1 1 1; 0 0 0 0 0 1 1 0 1 1 1 1 1 1 1 1 1 1 1 1; 0 0 0 0 0 1 1 1 0 1 1 1 1 1 1 1 1 1 1 1; 0 0 0 0 0 1 1 1 1 0 1 1 1 1 1 1 1 1 1 1; 0 0 0 0 0 1 1 1 1 1 0 1 1 1 1 1 1 1 1 1; 0 0 0 0 0 1 1 1 1 1 1 0 1 1 1 1 1 1 1 1; 0 0 0 0 0 1 1 1 1 1 1 1 0 1 1 1 1 1 1 1; 0 0 0 0 0 1 1 1 1 1 1 1 1 0 1 1 1 1 1 1; 0 0 0 0 0 1 1 1 1 1 1 1 1 1 0 1 1 1 1 1; 0 0 0 0 0 1 1 1 1 1 1 1 1 1 1 0 1 1 1 1; 0 0 0 0 0 1 1 1 1 1 1 1 1 1 1 1 0 1 1 1; 0 0 0 0 0 0 0 0 0 0 0 0 0 0 0 0 0 0 0 0; 0 0 0 0 0 0 0 0 0 0 0 0 0 0 0 0 0 0 0 0; 0 0 0 0 0 0 0 0 0 0 0 0 0 0 0 0 0 0 0 0])
│   onetw.Cost = [31, 91, 89, 19, 28, 24, 23, 84, 80, 28, 44, 36, 98, 72, 78, 37, 88, 33, 99, 90, 76, 99, 14, 18, 23, 11, 65, 95, 13, 47, 47, 93, 15, 71, 73, 49, 83, 70, 51, 58, 68, 34, 40, 25, 88, 38, 80, 16, 78, 36, 33, 71, 51, 60, 48, 70, 26, 84, 62, 65, 73, 88, 68, 37, 79, 77, 53, 89, 85, 26, 74, 94, 87, 86, 64, 51, 36, 52, 97, 71, 42, 49, 74, 44, 55, 62, 74, 52, 79, 35, 47, 14, 83, 54, 37, 29, 88, 48, 99, 70, 55, 22, 40, 86, 90, 15, 82, 20, 31, 97, 97, 83, 79, 72, 36, 42, 52, 99, 25, 97, 41, 98, 18, 77, 95, 70, 40, 67, 87, 87, 62, 52, 20, 53, 45, 48, 52, 80, 68, 64, 36, 90, 10, 37, 36, 29, 69, 44, 74, 15, 86, 79, 86, 31, 69, 94, 51, 89, 36, 28, 80, 89, 32, 26, 68, 38, 80, 82, 32, 64, 62, 38, 12, 85, 84, 44, 90, 16, 79, 66, 22, 39, 78, 29, 51, 47, 14, 31, 59, 67, 87, 69, 78, 11, 33, 94, 51, 64, 31, 11, 26, 25, 61, 27, 18, 61, 43, 66, 31, 10, 84, 39, 29, 77, 88, 17, 16, 23, 93, 76, 11, 81, 90, 42, 82, 92, 73, 31, 64, 44, 39, 30, 16, 67, 39, 71, 42, 51]
│   onetw.Cap = [100, 902, 1000, 475, 259, 643, 157, 921, 832, 325, 560, 351, 829, 924, 100, 209, 794, 957, 966, 184, 228, 699, 537, 217, 755, 839, 451, 644, 100, 100, 245, 776, 375, 639, 260, 693, 378, 265, 473, 377, 528, 710, 100, 747, 398, 350, 370, 726, 340, 398, 692, 721, 624, 423, 406, 245, 100, 493, 275, 282, 600, 668, 116, 331, 515, 386, 457, 612, 662, 120, 100, 862, 401, 144, 306, 138, 436, 538, 349, 282, 738, 773, 838, 920, 100, 100, 336, 738, 639, 228, 750, 428, 902, 618, 263, 277, 668, 720, 100, 222, 474, 930, 348, 326, 817, 119, 766, 630, 612, 851, 757, 240, 200, 706, 982, 671, 823, 892, 903, 775, 883, 305, 512, 693, 364, 913, 200, 200, 117, 921, 251, 126, 522, 378, 260, 947, 662, 362, 606, 220, 200, 107, 910, 748, 746, 511, 509, 637, 593, 234, 422, 484, 344, 861, 453, 421, 946, 537, 278, 137, 147, 154, 834, 125, 820, 955, 586, 591, 453, 453, 171, 903, 635, 990, 849, 741, 811, 738, 421, 716, 597, 453, 197, 231, 674, 492, 653, 666, 405, 450, 986, 985, 456, 156, 741, 157, 197, 197, 214, 590, 616, 452, 613, 139, 471, 744, 615, 582, 254, 991, 197, 518, 456, 758, 338, 744, 157, 965, 365, 970, 419, 717, 882, 177, 197, 379, 317, 762, 391, 948, 143, 483, 204, 150, 608, 339, 556, 430]
│   onetw.Demand = [-80, -70, -200, -453, -197, 0, 0, 0, 0, 0, 0, 0, 0, 0, 0, 0, 0, 543, 411, 46]
└ @ Main /Users/pmz/gitspace/ipm/main.jl:120
┌ Info: [mcfp]
│   onetw.Cost = [31, 91, 89, 19, 28, 24, 23, 84, 80, 28, 44, 36, 98, 72, 78, 37, 88, 33, 99, 90, 76, 99, 14, 18, 23, 11, 65, 95, 13, 47, 47, 93, 15, 71, 73, 49, 83, 70, 51, 58, 68, 34, 40, 25, 88, 38, 80, 16, 78, 36, 33, 71, 51, 60, 48, 70, 26, 84, 62, 65, 73, 88, 68, 37, 79, 77, 53, 89, 85, 26, 74, 94, 87, 86, 64, 51, 36, 52, 97, 71, 42, 49, 74, 44, 55, 62, 74, 52, 79, 35, 47, 14, 83, 54, 37, 29, 88, 48, 99, 70, 55, 22, 40, 86, 90, 15, 82, 20, 31, 97, 97, 83, 79, 72, 36, 42, 52, 99, 25, 97, 41, 98, 18, 77, 95, 70, 40, 67, 87, 87, 62, 52, 20, 53, 45, 48, 52, 80, 68, 64, 36, 90, 10, 37, 36, 29, 69, 44, 74, 15, 86, 79, 86, 31, 69, 94, 51, 89, 36, 28, 80, 89, 32, 26, 68, 38, 80, 82, 32, 64, 62, 38, 12, 85, 84, 44, 90, 16, 79, 66, 22, 39, 78, 29, 51, 47, 14, 31, 59, 67, 87, 69, 78, 11, 33, 94, 51, 64, 31, 11, 26, 25, 61, 27, 18, 61, 43, 66, 31, 10, 84, 39, 29, 77, 88, 17, 16, 23, 93, 76, 11, 81, 90, 42, 82, 92, 73, 31, 64, 44, 39, 30, 16, 67, 39, 71, 42, 51]
│   onetw.Cap = [100, 902, 1000, 475, 259, 643, 157, 921, 832, 325, 560, 351, 829, 924, 100, 209, 794, 957, 966, 184, 228, 699, 537, 217, 755, 839, 451, 644, 100, 100, 245, 776, 375, 639, 260, 693, 378, 265, 473, 377, 528, 710, 100, 747, 398, 350, 370, 726, 340, 398, 692, 721, 624, 423, 406, 245, 100, 493, 275, 282, 600, 668, 116, 331, 515, 386, 457, 612, 662, 120, 100, 862, 401, 144, 306, 138, 436, 538, 349, 282, 738, 773, 838, 920, 100, 100, 336, 738, 639, 228, 750, 428, 902, 618, 263, 277, 668, 720, 100, 222, 474, 930, 348, 326, 817, 119, 766, 630, 612, 851, 757, 240, 200, 706, 982, 671, 823, 892, 903, 775, 883, 305, 512, 693, 364, 913, 200, 200, 117, 921, 251, 126, 522, 378, 260, 947, 662, 362, 606, 220, 200, 107, 910, 748, 746, 511, 509, 637, 593, 234, 422, 484, 344, 861, 453, 421, 946, 537, 278, 137, 147, 154, 834, 125, 820, 955, 586, 591, 453, 453, 171, 903, 635, 990, 849, 741, 811, 738, 421, 716, 597, 453, 197, 231, 674, 492, 653, 666, 405, 450, 986, 985, 456, 156, 741, 157, 197, 197, 214, 590, 616, 452, 613, 139, 471, 744, 615, 582, 254, 991, 197, 518, 456, 758, 338, 744, 157, 965, 365, 970, 419, 717, 882, 177, 197, 379, 317, 762, 391, 948, 143, 483, 204, 150, 608, 339, 556, 430]
│   onetw.Demand = [-80, -70, -200, -453, -197, 0, 0, 0, 0, 0, 0, 0, 0, 0, 0, 0, 0, 543, 411, 46]
└ @ Main /Users/pmz/gitspace/ipm/main.jl:121
┌ Info: [mcfp]
│   netw.G = Main.var"/Users/pmz/gitspace/ipm/graph.jl".Graphs.Graph(21, 246, [1 9; 1 11; 1 13; 1 6; 1 19; 1 8; 1 15; 1 12; 1 17; 1 16; 1 18; 1 7; 1 14; 1 10; 9 13; 9 16; 9 10; 9 17; 9 12; 9 19; 9 14; 9 11; 9 20; 9 7; 9 18; 9 15; 9 8; 9 6; 13 15; 13 20; 13 10; 13 18; 13 12; 13 14; 13 8; 13 19; 13 7; 13 17; 13 11; 13 6; 13 9; 13 16; 15 19; 15 11; 15 20; 15 14; 15 18; 15 10; 15 16; 15 6; 15 12; 15 17; 15 13; 15 9; 15 7; 15 8; 2 17; 2 19; 2 13; 2 10; 2 8; 2 11; 2 7; 2 12; 2 15; 2 14; 2 9; 2 6; 2 18; 2 16; 7 16; 7 6; 7 13; 7 12; 7 14; 7 17; 7 9; 7 11; 7 8; 7 20; 7 10; 7 19; 7 18; 7 15; 16 19; 16 18; 16 17; 16 20; 16 13; 16 6; 16 14; 16 9; 16 15; 16 7; 16 8; 16 12; 16 11; 16 10; 17 7; 17 18; 17 20; 17 10; 17 6; 17 12; 17 8; 17 19; 17 16; 17 13; 17 15; 17 11; 17 9; 17 14; 3 10; 3 17; 3 15; 3 16; 3 13; 3 18; 3 11; 3 8; 3 12; 3 14; 3 7; 3 19; 3 6; 3 9; 10 11; 10 18; 10 17; 10 20; 10 7; 10 8; 10 14; 10 16; 10 6; 10 19; 10 12; 10 13; 10 9; 10 15; 11 19; 11 9; 11 14; 11 20; 11 16; 11 17; 11 8; 11 15; 11 12; 11 7; 11 13; 11 10; 11 6; 11 18; 4 12; 4 19; 4 16; 4 7; 4 8; 4 9; 4 17; 4 15; 4 18; 4 13; 4 11; 4 6; 4 14; 4 10; 12 18; 12 19; 12 6; 12 11; 12 8; 12 16; 12 7; 12 15; 12 17; 12 20; 12 14; 12 10; 12 13; 12 9; 5 8; 5 16; 5 19; 5 7; 5 6; 5 9; 5 18; 5 12; 5 11; 5 17; 5 15; 5 13; 5 14; 5 10; 6 14; 6 18; 6 11; 6 10; 6 8; 6 13; 6 20; 6 7; 6 9; 6 12; 6 15; 6 17; 6 19; 6 16; 8 6; 8 20; 8 16; 8 12; 8 10; 8 19; 8 18; 8 13; 8 17; 8 15; 8 11; 8 14; 8 7; 8 9; 14 19; 14 15; 14 20; 14 16; 14 18; 14 11; 14 13; 14 12; 14 9; 14 6; 14 10; 14 17; 14 7; 14 8; 1 21; 2 21; 3 21; 4 21; 5 21; 21 18; 21 19; 21 20], [-1 -1 -1 -1 -1 -1 -1 -1 -1 -1 -1 -1 -1 -1 0 0 0 0 0 0 0 0 0 0 0 0 0 0 0 0 0 0 0 0 0 0 0 0 0 0 0 0 0 0 0 0 0 0 0 0 0 0 0 0 0 0 0 0 0 0 0 0 0 0 0 0 0 0 0 0 0 0 0 0 0 0 0 0 0 0 0 0 0 0 0 0 0 0 0 0 0 0 0 0 0 0 0 0 0 0 0 0 0 0 0 0 0 0 0 0 0 0 0 0 0 0 0 0 0 0 0 0 0 0 0 0 0 0 0 0 0 0 0 0 0 0 0 0 0 0 0 0 0 0 0 0 0 0 0 0 0 0 0 0 0 0 0 0 0 0 0 0 0 0 0 0 0 0 0 0 0 0 0 0 0 0 0 0 0 0 0 0 0 0 0 0 0 0 0 0 0 0 0 0 0 0 0 0 0 0 0 0 0 0 0 0 0 0 0 0 0 0 0 0 0 0 0 0 0 0 0 0 0 0 0 0 0 0 0 0 0 0 0 0 0 0 0 0 -1 0 0 0 0 0 0 0; 0 0 0 0 0 0 0 0 0 0 0 0 0 0 0 0 0 0 0 0 0 0 0 0 0 0 0 0 0 0 0 0 0 0 0 0 0 0 0 0 0 0 0 0 0 0 0 0 0 0 0 0 0 0 0 0 -1 -1 -1 -1 -1 -1 -1 -1 -1 -1 -1 -1 -1 -1 0 0 0 0 0 0 0 0 0 0 0 0 0 0 0 0 0 0 0 0 0 0 0 0 0 0 0 0 0 0 0 0 0 0 0 0 0 0 0 0 0 0 0 0 0 0 0 0 0 0 0 0 0 0 0 0 0 0 0 0 0 0 0 0 0 0 0 0 0 0 0 0 0 0 0 0 0 0 0 0 0 0 0 0 0 0 0 0 0 0 0 0 0 0 0 0 0 0 0 0 0 0 0 0 0 0 0 0 0 0 0 0 0 0 0 0 0 0 0 0 0 0 0 0 0 0 0 0 0 0 0 0 0 0 0 0 0 0 0 0 0 0 0 0 0 0 0 0 0 0 0 0 0 0 0 0 0 0 0 0 0 0 0 0 0 0 0 0 0 -1 0 0 0 0 0 0; 0 0 0 0 0 0 0 0 0 0 0 0 0 0 0 0 0 0 0 0 0 0 0 0 0 0 0 0 0 0 0 0 0 0 0 0 0 0 0 0 0 0 0 0 0 0 0 0 0 0 0 0 0 0 0 0 0 0 0 0 0 0 0 0 0 0 0 0 0 0 0 0 0 0 0 0 0 0 0 0 0 0 0 0 0 0 0 0 0 0 0 0 0 0 0 0 0 0 0 0 0 0 0 0 0 0 0 0 0 0 0 0 -1 -1 -1 -1 -1 -1 -1 -1 -1 -1 -1 -1 -1 -1 0 0 0 0 0 0 0 0 0 0 0 0 0 0 0 0 0 0 0 0 0 0 0 0 0 0 0 0 0 0 0 0 0 0 0 0 0 0 0 0 0 0 0 0 0 0 0 0 0 0 0 0 0 0 0 0 0 0 0 0 0 0 0 0 0 0 0 0 0 0 0 0 0 0 0 0 0 0 0 0 0 0 0 0 0 0 0 0 0 0 0 0 0 0 0 0 0 0 0 0 0 0 0 0 0 0 0 0 0 0 0 0 0 0 -1 0 0 0 0 0; 0 0 0 0 0 0 0 0 0 0 0 0 0 0 0 0 0 0 0 0 0 0 0 0 0 0 0 0 0 0 0 0 0 0 0 0 0 0 0 0 0 0 0 0 0 0 0 0 0 0 0 0 0 0 0 0 0 0 0 0 0 0 0 0 0 0 0 0 0 0 0 0 0 0 0 0 0 0 0 0 0 0 0 0 0 0 0 0 0 0 0 0 0 0 0 0 0 0 0 0 0 0 0 0 0 0 0 0 0 0 0 0 0 0 0 0 0 0 0 0 0 0 0 0 0 0 0 0 0 0 0 0 0 0 0 0 0 0 0 0 0 0 0 0 0 0 0 0 0 0 0 0 0 0 -1 -1 -1 -1 -1 -1 -1 -1 -1 -1 -1 -1 -1 -1 0 0 0 0 0 0 0 0 0 0 0 0 0 0 0 0 0 0 0 0 0 0 0 0 0 0 0 0 0 0 0 0 0 0 0 0 0 0 0 0 0 0 0 0 0 0 0 0 0 0 0 0 0 0 0 0 0 0 0 0 0 0 0 0 0 0 0 0 0 0 0 0 0 -1 0 0 0 0; 0 0 0 0 0 0 0 0 0 0 0 0 0 0 0 0 0 0 0 0 0 0 0 0 0 0 0 0 0 0 0 0 0 0 0 0 0 0 0 0 0 0 0 0 0 0 0 0 0 0 0 0 0 0 0 0 0 0 0 0 0 0 0 0 0 0 0 0 0 0 0 0 0 0 0 0 0 0 0 0 0 0 0 0 0 0 0 0 0 0 0 0 0 0 0 0 0 0 0 0 0 0 0 0 0 0 0 0 0 0 0 0 0 0 0 0 0 0 0 0 0 0 0 0 0 0 0 0 0 0 0 0 0 0 0 0 0 0 0 0 0 0 0 0 0 0 0 0 0 0 0 0 0 0 0 0 0 0 0 0 0 0 0 0 0 0 0 0 0 0 0 0 0 0 0 0 0 0 0 0 0 0 -1 -1 -1 -1 -1 -1 -1 -1 -1 -1 -1 -1 -1 -1 0 0 0 0 0 0 0 0 0 0 0 0 0 0 0 0 0 0 0 0 0 0 0 0 0 0 0 0 0 0 0 0 0 0 0 0 0 0 0 0 0 0 0 0 0 0 -1 0 0 0; 0 0 0 1 0 0 0 0 0 0 0 0 0 0 0 0 0 0 0 0 0 0 0 0 0 0 0 1 0 0 0 0 0 0 0 0 0 0 0 1 0 0 0 0 0 0 0 0 0 1 0 0 0 0 0 0 0 0 0 0 0 0 0 0 0 0 0 1 0 0 0 1 0 0 0 0 0 0 0 0 0 0 0 0 0 0 0 0 0 1 0 0 0 0 0 0 0 0 0 0 0 0 1 0 0 0 0 0 0 0 0 0 0 0 0 0 0 0 0 0 0 0 0 0 1 0 0 0 0 0 0 0 0 0 1 0 0 0 0 0 0 0 0 0 0 0 0 0 0 0 0 0 1 0 0 0 0 0 0 0 0 0 0 0 0 1 0 0 0 0 1 0 0 0 0 0 0 0 0 0 0 0 0 0 0 0 1 0 0 0 0 0 0 0 0 0 -1 -1 -1 -1 -1 -1 -1 -1 -1 -1 -1 -1 -1 -1 1 0 0 0 0 0 0 0 0 0 0 0 0 0 0 0 0 0 0 0 0 0 0 1 0 0 0 0 0 0 0 0 0 0 0 0; 0 0 0 0 0 0 0 0 0 0 0 1 0 0 0 0 0 0 0 0 0 0 0 1 0 0 0 0 0 0 0 0 0 0 0 0 1 0 0 0 0 0 0 0 0 0 0 0 0 0 0 0 0 0 1 0 0 0 0 0 0 0 1 0 0 0 0 0 0 0 -1 -1 -1 -1 -1 -1 -1 -1 -1 -1 -1 -1 -1 -1 0 0 0 0 0 0 0 0 0 1 0 0 0 0 1 0 0 0 0 0 0 0 0 0 0 0 0 0 0 0 0 0 0 0 0 0 0 0 1 0 0 0 0 0 0 0 1 0 0 0 0 0 0 0 0 0 0 0 0 0 0 0 0 0 0 1 0 0 0 0 0 0 0 1 0 0 0 0 0 0 0 0 0 0 0 0 0 0 0 0 1 0 0 0 0 0 0 0 0 0 0 1 0 0 0 0 0 0 0 0 0 0 0 0 0 0 0 0 0 1 0 0 0 0 0 0 0 0 0 0 0 0 0 0 0 0 0 0 1 0 0 0 0 0 0 0 0 0 0 0 0 0 1 0 0 0 0 0 0 0 0 0; 0 0 0 0 0 1 0 0 0 0 0 0 0 0 0 0 0 0 0 0 0 0 0 0 0 0 1 0 0 0 0 0 0 0 1 0 0 0 0 0 0 0 0 0 0 0 0 0 0 0 0 0 0 0 0 1 0 0 0 0 1 0 0 0 0 0 0 0 0 0 0 0 0 0 0 0 0 0 1 0 0 0 0 0 0 0 0 0 0 0 0 0 0 0 1 0 0 0 0 0 0 0 0 0 1 0 0 0 0 0 0 0 0 0 0 0 0 0 0 1 0 0 0 0 0 0 0 0 0 0 0 1 0 0 0 0 0 0 0 0 0 0 0 0 0 0 1 0 0 0 0 0 0 0 0 0 0 0 1 0 0 0 0 0 0 0 0 0 0 0 0 0 1 0 0 0 0 0 0 0 0 0 1 0 0 0 0 0 0 0 0 0 0 0 0 0 0 0 0 0 1 0 0 0 0 0 0 0 0 0 -1 -1 -1 -1 -1 -1 -1 -1 -1 -1 -1 -1 -1 -1 0 0 0 0 0 0 0 0 0 0 0 0 0 1 0 0 0 0 0 0 0 0; 1 0 0 0 0 0 0 0 0 0 0 0 0 0 -1 -1 -1 -1 -1 -1 -1 -1 -1 -1 -1 -1 -1 -1 0 0 0 0 0 0 0 0 0 0 0 0 1 0 0 0 0 0 0 0 0 0 0 0 0 1 0 0 0 0 0 0 0 0 0 0 0 0 1 0 0 0 0 0 0 0 0 0 1 0 0 0 0 0 0 0 0 0 0 0 0 0 0 1 0 0 0 0 0 0 0 0 0 0 0 0 0 0 0 0 0 0 1 0 0 0 0 0 0 0 0 0 0 0 0 0 0 1 0 0 0 0 0 0 0 0 0 0 0 0 1 0 0 1 0 0 0 0 0 0 0 0 0 0 0 0 0 0 0 0 0 1 0 0 0 0 0 0 0 0 0 0 0 0 0 0 0 0 0 0 0 0 0 1 0 0 0 0 0 1 0 0 0 0 0 0 0 0 0 0 0 0 0 0 0 0 1 0 0 0 0 0 0 0 0 0 0 0 0 0 0 0 0 0 0 1 0 0 0 0 0 0 0 0 1 0 0 0 0 0 0 0 0 0 0 0 0 0; 0 0 0 0 0 0 0 0 0 0 0 0 0 1 0 0 1 0 0 0 0 0 0 0 0 0 0 0 0 0 1 0 0 0 0 0 0 0 0 0 0 0 0 0 0 0 0 1 0 0 0 0 0 0 0 0 0 0 0 1 0 0 0 0 0 0 0 0 0 0 0 0 0 0 0 0 0 0 0 0 1 0 0 0 0 0 0 0 0 0 0 0 0 0 0 0 0 1 0 0 0 1 0 0 0 0 0 0 0 0 0 0 1 0 0 0 0 0 0 0 0 0 0 0 0 0 -1 -1 -1 -1 -1 -1 -1 -1 -1 -1 -1 -1 -1 -1 0 0 0 0 0 0 0 0 0 0 0 1 0 0 0 0 0 0 0 0 0 0 0 0 0 0 0 1 0 0 0 0 0 0 0 0 0 0 0 1 0 0 0 0 0 0 0 0 0 0 0 0 0 0 0 1 0 0 0 1 0 0 0 0 0 0 0 0 0 0 0 0 0 0 1 0 0 0 0 0 0 0 0 0 0 0 0 0 0 0 0 0 0 0 1 0 0 0 0 0 0 0 0 0 0 0; 0 1 0 0 0 0 0 0 0 0 0 0 0 0 0 0 0 0 0 0 0 1 0 0 0 0 0 0 0 0 0 0 0 0 0 0 0 0 1 0 0 0 0 1 0 0 0 0 0 0 0 0 0 0 0 0 0 0 0 0 0 1 0 0 0 0 0 0 0 0 0 0 0 0 0 0 0 1 0 0 0 0 0 0 0 0 0 0 0 0 0 0 0 0 0 0 1 0 0 0 0 0 0 0 0 0 0 0 0 1 0 0 0 0 0 0 0 0 1 0 0 0 0 0 0 0 1 0 0 0 0 0 0 0 0 0 0 0 0 0 -1 -1 -1 -1 -1 -1 -1 -1 -1 -1 -1 -1 -1 -1 0 0 0 0 0 0 0 0 0 0 1 0 0 0 0 0 0 1 0 0 0 0 0 0 0 0 0 0 0 0 0 0 0 0 0 0 1 0 0 0 0 0 0 0 1 0 0 0 0 0 0 0 0 0 0 0 0 0 0 0 0 0 0 0 0 0 1 0 0 0 0 0 0 0 0 1 0 0 0 0 0 0 0 0 0 0 0 0 0 0 0 0; 0 0 0 0 0 0 0 1 0 0 0 0 0 0 0 0 0 0 1 0 0 0 0 0 0 0 0 0 0 0 0 0 1 0 0 0 0 0 0 0 0 0 0 0 0 0 0 0 0 0 1 0 0 0 0 0 0 0 0 0 0 0 0 1 0 0 0 0 0 0 0 0 0 1 0 0 0 0 0 0 0 0 0 0 0 0 0 0 0 0 0 0 0 0 0 1 0 0 0 0 0 0 0 1 0 0 0 0 0 0 0 0 0 0 0 0 0 0 0 0 1 0 0 0 0 0 0 0 0 0 0 0 0 0 0 0 1 0 0 0 0 0 0 0 0 0 0 0 1 0 0 0 0 0 1 0 0 0 0 0 0 0 0 0 0 0 0 0 -1 -1 -1 -1 -1 -1 -1 -1 -1 -1 -1 -1 -1 -1 0 0 0 0 0 0 0 1 0 0 0 0 0 0 0 0 0 0 0 0 0 0 0 1 0 0 0 0 0 0 0 1 0 0 0 0 0 0 0 0 0 0 0 0 0 0 0 0 0 1 0 0 0 0 0 0 0 0 0 0 0 0 0 0; 0 0 1 0 0 0 0 0 0 0 0 0 0 0 1 0 0 0 0 0 0 0 0 0 0 0 0 0 -1 -1 -1 -1 -1 -1 -1 -1 -1 -1 -1 -1 -1 -1 0 0 0 0 0 0 0 0 0 0 1 0 0 0 0 0 1 0 0 0 0 0 0 0 0 0 0 0 0 0 1 0 0 0 0 0 0 0 0 0 0 0 0 0 0 0 1 0 0 0 0 0 0 0 0 0 0 0 0 0 0 0 0 0 0 1 0 0 0 0 0 0 0 0 1 0 0 0 0 0 0 0 0 0 0 0 0 0 0 0 0 0 0 0 0 1 0 0 0 0 0 0 0 0 0 0 0 0 1 0 0 0 0 0 0 0 0 0 0 0 0 1 0 0 0 0 0 0 0 0 0 0 0 0 0 0 0 0 1 0 0 0 0 0 0 0 0 0 0 0 0 1 0 0 0 0 0 0 0 1 0 0 0 0 0 0 0 0 0 0 0 0 0 0 0 1 0 0 0 0 0 0 0 0 0 0 0 0 1 0 0 0 0 0 0 0 0 0 0 0 0 0 0 0; 0 0 0 0 0 0 0 0 0 0 0 0 1 0 0 0 0 0 0 0 1 0 0 0 0 0 0 0 0 0 0 0 0 1 0 0 0 0 0 0 0 0 0 0 0 1 0 0 0 0 0 0 0 0 0 0 0 0 0 0 0 0 0 0 0 1 0 0 0 0 0 0 0 0 1 0 0 0 0 0 0 0 0 0 0 0 0 0 0 0 1 0 0 0 0 0 0 0 0 0 0 0 0 0 0 0 0 0 0 0 0 1 0 0 0 0 0 0 0 0 0 1 0 0 0 0 0 0 0 0 0 0 1 0 0 0 0 0 0 0 0 0 1 0 0 0 0 0 0 0 0 0 0 0 0 0 0 0 0 0 0 0 0 0 0 0 1 0 0 0 0 0 0 0 0 0 0 0 1 0 0 0 0 0 0 0 0 0 0 0 0 0 0 0 1 0 1 0 0 0 0 0 0 0 0 0 0 0 0 0 0 0 0 0 0 0 0 0 0 0 0 1 0 0 -1 -1 -1 -1 -1 -1 -1 -1 -1 -1 -1 -1 -1 -1 0 0 0 0 0 0 0 0; 0 0 0 0 0 0 1 0 0 0 0 0 0 0 0 0 0 0 0 0 0 0 0 0 0 1 0 0 1 0 0 0 0 0 0 0 0 0 0 0 0 0 -1 -1 -1 -1 -1 -1 -1 -1 -1 -1 -1 -1 -1 -1 0 0 0 0 0 0 0 0 1 0 0 0 0 0 0 0 0 0 0 0 0 0 0 0 0 0 0 1 0 0 0 0 0 0 0 0 1 0 0 0 0 0 0 0 0 0 0 0 0 0 0 0 1 0 0 0 0 0 1 0 0 0 0 0 0 0 0 0 0 0 0 0 0 0 0 0 0 0 0 0 0 0 0 1 0 0 0 0 0 0 0 1 0 0 0 0 0 0 0 0 0 0 0 0 0 1 0 0 0 0 0 0 0 0 0 0 0 0 0 1 0 0 0 0 0 0 0 0 0 0 0 0 0 0 0 0 1 0 0 0 0 0 0 0 0 0 0 0 0 0 1 0 0 0 0 0 0 0 0 0 0 0 0 1 0 0 0 0 0 1 0 0 0 0 0 0 0 0 0 0 0 0 0 0 0 0 0 0 0 0; 0 0 0 0 0 0 0 0 0 1 0 0 0 0 0 1 0 0 0 0 0 0 0 0 0 0 0 0 0 0 0 0 0 0 0 0 0 0 0 0 0 1 0 0 0 0 0 0 1 0 0 0 0 0 0 0 0 0 0 0 0 0 0 0 0 0 0 0 0 1 1 0 0 0 0 0 0 0 0 0 0 0 0 0 -1 -1 -1 -1 -1 -1 -1 -1 -1 -1 -1 -1 -1 -1 0 0 0 0 0 0 0 0 1 0 0 0 0 0 0 0 0 1 0 0 0 0 0 0 0 0 0 0 0 0 0 0 0 0 0 1 0 0 0 0 0 0 0 0 0 0 1 0 0 0 0 0 0 0 0 0 0 0 1 0 0 0 0 0 0 0 0 0 0 0 0 0 0 0 0 1 0 0 0 0 0 0 0 0 0 1 0 0 0 0 0 0 0 0 0 0 0 0 0 0 0 0 0 0 0 0 0 0 0 0 0 1 0 0 1 0 0 0 0 0 0 0 0 0 0 0 0 0 0 1 0 0 0 0 0 0 0 0 0 0 0 0 0 0 0 0 0 0; 0 0 0 0 0 0 0 0 1 0 0 0 0 0 0 0 0 1 0 0 0 0 0 0 0 0 0 0 0 0 0 0 0 0 0 0 0 1 0 0 0 0 0 0 0 0 0 0 0 0 0 1 0 0 0 0 1 0 0 0 0 0 0 0 0 0 0 0 0 0 0 0 0 0 0 1 0 0 0 0 0 0 0 0 0 0 1 0 0 0 0 0 0 0 0 0 0 0 -1 -1 -1 -1 -1 -1 -1 -1 -1 -1 -1 -1 -1 -1 0 1 0 0 0 0 0 0 0 0 0 0 0 0 0 0 1 0 0 0 0 0 0 0 0 0 0 0 0 0 0 0 0 1 0 0 0 0 0 0 0 0 0 0 0 0 0 0 1 0 0 0 0 0 0 0 0 0 0 0 0 0 0 0 1 0 0 0 0 0 0 0 0 0 0 0 0 0 0 1 0 0 0 0 0 0 0 0 0 0 0 0 0 0 0 1 0 0 0 0 0 0 0 0 0 0 1 0 0 0 0 0 0 0 0 0 0 0 0 0 0 0 0 1 0 0 0 0 0 0 0 0 0 0; 0 0 0 0 0 0 0 0 0 0 1 0 0 0 0 0 0 0 0 0 0 0 0 0 1 0 0 0 0 0 0 1 0 0 0 0 0 0 0 0 0 0 0 0 0 0 1 0 0 0 0 0 0 0 0 0 0 0 0 0 0 0 0 0 0 0 0 0 1 0 0 0 0 0 0 0 0 0 0 0 0 0 1 0 0 1 0 0 0 0 0 0 0 0 0 0 0 0 0 1 0 0 0 0 0 0 0 0 0 0 0 0 0 0 0 0 0 1 0 0 0 0 0 0 0 0 0 1 0 0 0 0 0 0 0 0 0 0 0 0 0 0 0 0 0 0 0 0 0 0 0 0 0 1 0 0 0 0 0 0 0 0 1 0 0 0 0 0 1 0 0 0 0 0 0 0 0 0 0 0 0 0 0 0 0 0 0 0 1 0 0 0 0 0 0 0 0 1 0 0 0 0 0 0 0 0 0 0 0 0 0 0 0 0 0 0 1 0 0 0 0 0 0 0 0 0 0 0 1 0 0 0 0 0 0 0 0 0 0 0 0 0 0 1 0 0; 0 0 0 0 1 0 0 0 0 0 0 0 0 0 0 0 0 0 0 1 0 0 0 0 0 0 0 0 0 0 0 0 0 0 0 1 0 0 0 0 0 0 1 0 0 0 0 0 0 0 0 0 0 0 0 0 0 1 0 0 0 0 0 0 0 0 0 0 0 0 0 0 0 0 0 0 0 0 0 0 0 1 0 0 1 0 0 0 0 0 0 0 0 0 0 0 0 0 0 0 0 0 0 0 0 1 0 0 0 0 0 0 0 0 0 0 0 0 0 0 0 0 0 1 0 0 0 0 0 0 0 0 0 0 0 1 0 0 0 0 1 0 0 0 0 0 0 0 0 0 0 0 0 0 0 1 0 0 0 0 0 0 0 0 0 0 0 0 0 1 0 0 0 0 0 0 0 0 0 0 0 0 0 0 1 0 0 0 0 0 0 0 0 0 0 0 0 0 0 0 0 0 0 0 0 0 0 0 1 0 0 0 0 0 0 1 0 0 0 0 0 0 0 0 1 0 0 0 0 0 0 0 0 0 0 0 0 0 0 0 0 0 0 0 1 0; 0 0 0 0 0 0 0 0 0 0 0 0 0 0 0 0 0 0 0 0 0 0 1 0 0 0 0 0 0 1 0 0 0 0 0 0 0 0 0 0 0 0 0 0 1 0 0 0 0 0 0 0 0 0 0 0 0 0 0 0 0 0 0 0 0 0 0 0 0 0 0 0 0 0 0 0 0 0 0 1 0 0 0 0 0 0 0 1 0 0 0 0 0 0 0 0 0 0 0 0 1 0 0 0 0 0 0 0 0 0 0 0 0 0 0 0 0 0 0 0 0 0 0 0 0 0 0 0 0 1 0 0 0 0 0 0 0 0 0 0 0 0 0 1 0 0 0 0 0 0 0 0 0 0 0 0 0 0 0 0 0 0 0 0 0 0 0 0 0 0 0 0 0 0 0 0 0 1 0 0 0 0 0 0 0 0 0 0 0 0 0 0 0 0 0 0 0 0 0 0 0 0 1 0 0 0 0 0 0 0 0 1 0 0 0 0 0 0 0 0 0 0 0 0 0 0 1 0 0 0 0 0 0 0 0 0 0 0 0 0 0 0 0 0 0 1; 0 0 0 0 0 0 0 0 0 0 0 0 0 0 0 0 0 0 0 0 0 0 0 0 0 0 0 0 0 0 0 0 0 0 0 0 0 0 0 0 0 0 0 0 0 0 0 0 0 0 0 0 0 0 0 0 0 0 0 0 0 0 0 0 0 0 0 0 0 0 0 0 0 0 0 0 0 0 0 0 0 0 0 0 0 0 0 0 0 0 0 0 0 0 0 0 0 0 0 0 0 0 0 0 0 0 0 0 0 0 0 0 0 0 0 0 0 0 0 0 0 0 0 0 0 0 0 0 0 0 0 0 0 0 0 0 0 0 0 0 0 0 0 0 0 0 0 0 0 0 0 0 0 0 0 0 0 0 0 0 0 0 0 0 0 0 0 0 0 0 0 0 0 0 0 0 0 0 0 0 0 0 0 0 0 0 0 0 0 0 0 0 0 0 0 0 0 0 0 0 0 0 0 0 0 0 0 0 0 0 0 0 0 0 0 0 0 0 0 0 0 0 0 0 0 0 0 0 0 0 0 0 0 0 0 0 0 0 1 1 1 1 1 -1 -1 -1], [0 0 0 0 0 1 1 1 1 1 1 1 1 1 1 1 1 1 1 0 1; 0 0 0 0 0 1 1 1 1 1 1 1 1 1 1 1 1 1 1 0 1; 0 0 0 0 0 1 1 1 1 1 1 1 1 1 1 1 1 1 1 0 1; 0 0 0 0 0 1 1 1 1 1 1 1 1 1 1 1 1 1 1 0 1; 0 0 0 0 0 1 1 1 1 1 1 1 1 1 1 1 1 1 1 0 1; 0 0 0 0 0 0 1 1 1 1 1 1 1 1 1 1 1 1 1 1 0; 0 0 0 0 0 1 0 1 1 1 1 1 1 1 1 1 1 1 1 1 0; 0 0 0 0 0 1 1 0 1 1 1 1 1 1 1 1 1 1 1 1 0; 0 0 0 0 0 1 1 1 0 1 1 1 1 1 1 1 1 1 1 1 0; 0 0 0 0 0 1 1 1 1 0 1 1 1 1 1 1 1 1 1 1 0; 0 0 0 0 0 1 1 1 1 1 0 1 1 1 1 1 1 1 1 1 0; 0 0 0 0 0 1 1 1 1 1 1 0 1 1 1 1 1 1 1 1 0; 0 0 0 0 0 1 1 1 1 1 1 1 0 1 1 1 1 1 1 1 0; 0 0 0 0 0 1 1 1 1 1 1 1 1 0 1 1 1 1 1 1 0; 0 0 0 0 0 1 1 1 1 1 1 1 1 1 0 1 1 1 1 1 0; 0 0 0 0 0 1 1 1 1 1 1 1 1 1 1 0 1 1 1 1 0; 0 0 0 0 0 1 1 1 1 1 1 1 1 1 1 1 0 1 1 1 0; 0 0 0 0 0 0 0 0 0 0 0 0 0 0 0 0 0 0 0 0 0; 0 0 0 0 0 0 0 0 0 0 0 0 0 0 0 0 0 0 0 0 0; 0 0 0 0 0 0 0 0 0 0 0 0 0 0 0 0 0 0 0 0 0; 0 0 0 0 0 0 0 0 0 0 0 0 0 0 0 0 0 1 1 1 0])
│   netw.G.n = 21
│   netw.G.m = 246
└ @ Main /Users/pmz/gitspace/ipm/main.jl:124
┌ Info: [mcfp]
│   netw.Cost = [31, 91, 89, 19, 28, 24, 23, 84, 80, 28, 44, 36, 98, 72, 78, 37, 88, 33, 99, 90, 76, 99, 14, 18, 23, 11, 65, 95, 13, 47, 47, 93, 15, 71, 73, 49, 83, 70, 51, 58, 68, 34, 40, 25, 88, 38, 80, 16, 78, 36, 33, 71, 51, 60, 48, 70, 26, 84, 62, 65, 73, 88, 68, 37, 79, 77, 53, 89, 85, 26, 74, 94, 87, 86, 64, 51, 36, 52, 97, 71, 42, 49, 74, 44, 55, 62, 74, 52, 79, 35, 47, 14, 83, 54, 37, 29, 88, 48, 99, 70, 55, 22, 40, 86, 90, 15, 82, 20, 31, 97, 97, 83, 79, 72, 36, 42, 52, 99, 25, 97, 41, 98, 18, 77, 95, 70, 40, 67, 87, 87, 62, 52, 20, 53, 45, 48, 52, 80, 68, 64, 36, 90, 10, 37, 36, 29, 69, 44, 74, 15, 86, 79, 86, 31, 69, 94, 51, 89, 36, 28, 80, 89, 32, 26, 68, 38, 80, 82, 32, 64, 62, 38, 12, 85, 84, 44, 90, 16, 79, 66, 22, 39, 78, 29, 51, 47, 14, 31, 59, 67, 87, 69, 78, 11, 33, 94, 51, 64, 31, 11, 26, 25, 61, 27, 18, 61, 43, 66, 31, 10, 84, 39, 29, 77, 88, 17, 16, 23, 93, 76, 11, 81, 90, 42, 82, 92, 73, 31, 64, 44, 39, 30, 16, 67, 39, 71, 42, 51, 13379, 13379, 13379, 13379, 13379, 13379, 13379, 13379]
│   netw.Cap = [100, 902, 1000, 475, 259, 643, 157, 921, 832, 325, 560, 351, 829, 924, 100, 209, 794, 957, 966, 184, 228, 699, 537, 217, 755, 839, 451, 644, 100, 100, 245, 776, 375, 639, 260, 693, 378, 265, 473, 377, 528, 710, 100, 747, 398, 350, 370, 726, 340, 398, 692, 721, 624, 423, 406, 245, 100, 493, 275, 282, 600, 668, 116, 331, 515, 386, 457, 612, 662, 120, 100, 862, 401, 144, 306, 138, 436, 538, 349, 282, 738, 773, 838, 920, 100, 100, 336, 738, 639, 228, 750, 428, 902, 618, 263, 277, 668, 720, 100, 222, 474, 930, 348, 326, 817, 119, 766, 630, 612, 851, 757, 240, 200, 706, 982, 671, 823, 892, 903, 775, 883, 305, 512, 693, 364, 913, 200, 200, 117, 921, 251, 126, 522, 378, 260, 947, 662, 362, 606, 220, 200, 107, 910, 748, 746, 511, 509, 637, 593, 234, 422, 484, 344, 861, 453, 421, 946, 537, 278, 137, 147, 154, 834, 125, 820, 955, 586, 591, 453, 453, 171, 903, 635, 990, 849, 741, 811, 738, 421, 716, 597, 453, 197, 231, 674, 492, 653, 666, 405, 450, 986, 985, 456, 156, 741, 157, 197, 197, 214, 590, 616, 452, 613, 139, 471, 744, 615, 582, 254, 991, 197, 518, 456, 758, 338, 744, 157, 965, 365, 970, 419, 717, 882, 177, 197, 379, 317, 762, 391, 948, 143, 483, 204, 150, 608, 339, 556, 430, 80, 70, 200, 453, 197, 543, 411, 46]
│   netw.Demand = [-80, -70, -200, -453, -197, 0, 0, 0, 0, 0, 0, 0, 0, 0, 0, 0, 0, 543, 411, 46, 0]
└ @ Main /Users/pmz/gitspace/ipm/main.jl:125
┌ Info: [phase 1]
└ @ Main /Users/pmz/gitspace/ipm/main.jl:96
┌ Info: [iter]
│   t = 1
└ @ Main /Users/pmz/gitspace/ipm/main.jl:64
┌ Info: [iter]
│   mu = 24.964837398373987
│   norm(rd, Inf) = 0.1
│   norm(rp, Inf) = 1.6000000000000227
└ @ Main /Users/pmz/gitspace/ipm/main.jl:68
┌ Info: [iter]
│   del_mu = 0.032858906682541544
└ @ Main /Users/pmz/gitspace/ipm/main.jl:81
┌ Info: [iter]
│   t = 2
└ @ Main /Users/pmz/gitspace/ipm/main.jl:64
┌ Info: [iter]
│   mu = 24.931978491691446
│   norm(rd, Inf) = 0.09983919597792608
│   norm(rp, Inf) = 1.592568423939781
└ @ Main /Users/pmz/gitspace/ipm/main.jl:68
┌ Info: [iter]
│   del_mu = 0.03996806474803449
└ @ Main /Users/pmz/gitspace/ipm/main.jl:81
┌ Info: [iter]
│   t = 3
└ @ Main /Users/pmz/gitspace/ipm/main.jl:64
┌ Info: [iter]
│   mu = 24.89201042694341
│   norm(rd, Inf) = 0.09963085662337015
│   norm(rp, Inf) = 1.4165710796393682
└ @ Main /Users/pmz/gitspace/ipm/main.jl:68
┌ Info: [iter]
│   del_mu = 23.621646508855846
└ @ Main /Users/pmz/gitspace/ipm/main.jl:81
┌ Info: [iter]
│   t = 4
└ @ Main /Users/pmz/gitspace/ipm/main.jl:64
┌ Info: [iter]
│   mu = 1.2703639180875657
│   norm(rd, Inf) = 0.005080560054854367
│   norm(rp, Inf) = 0.0708254316299417
└ @ Main /Users/pmz/gitspace/ipm/main.jl:68
┌ Info: [iter]
│   del_mu = 1.2068422745478615
└ @ Main /Users/pmz/gitspace/ipm/main.jl:81
┌ Info: [iter]
│   t = 5
└ @ Main /Users/pmz/gitspace/ipm/main.jl:64
┌ Info: [iter]
│   mu = 0.06352164353970421
│   norm(rd, Inf) = 0.00025404266517899734
│   norm(rp, Inf) = 0.0035701202172049307
└ @ Main /Users/pmz/gitspace/ipm/main.jl:68
┌ Info: [iter]
│   del_mu = 0.06034543328196164
└ @ Main /Users/pmz/gitspace/ipm/main.jl:81
┌ Info: [iter]
│   t = 6
└ @ Main /Users/pmz/gitspace/ipm/main.jl:64
┌ Info: [iter]
│   mu = 0.003176210257742573
│   norm(rd, Inf) = 1.2702647797738685e-5
│   norm(rp, Inf) = 0.0002402795571185834
└ @ Main /Users/pmz/gitspace/ipm/main.jl:68
┌ Info: [iter end]
│   optimal = true
│   niters = 5
└ @ Main /Users/pmz/gitspace/ipm/main.jl:85
┌ Info: [phase 2]
└ @ Main /Users/pmz/gitspace/ipm/main.jl:102
┌ Info: [iter]
│   t = 1
└ @ Main /Users/pmz/gitspace/ipm/main.jl:64
┌ Info: [iter]
│   mu = 0.003176210257742573
│   norm(rd, Inf) = 13378.999987297353
│   norm(rp, Inf) = 0.0002402795571185834
└ @ Main /Users/pmz/gitspace/ipm/main.jl:68
┌ Info: [iter]
│   del_mu = -9.941320826643667e-5
└ @ Main /Users/pmz/gitspace/ipm/main.jl:81
┌ Info: [iter]
│   t = 2
└ @ Main /Users/pmz/gitspace/ipm/main.jl:64
┌ Info: [iter]
│   mu = 0.0032756234660090097
│   norm(rd, Inf) = 13378.999987297351
│   norm(rp, Inf) = 0.00025774974575920595
└ @ Main /Users/pmz/gitspace/ipm/main.jl:68
┌ Info: [iter]
│   del_mu = -0.000500554526326919
└ @ Main /Users/pmz/gitspace/ipm/main.jl:81
┌ Info: [iter]
│   t = 3
└ @ Main /Users/pmz/gitspace/ipm/main.jl:64
┌ Info: [iter]
│   mu = 0.0037761779923359286
│   norm(rd, Inf) = 13378.999987297351
│   norm(rp, Inf) = 0.00031845524594942276
└ @ Main /Users/pmz/gitspace/ipm/main.jl:68
┌ Info: [iter]
│   del_mu = -0.008003569668185564
└ @ Main /Users/pmz/gitspace/ipm/main.jl:81
┌ Info: [iter]
│   t = 4
└ @ Main /Users/pmz/gitspace/ipm/main.jl:64
┌ Info: [iter]
│   mu = 0.011779747660521494
│   norm(rd, Inf) = 13378.999987297255
│   norm(rp, Inf) = 0.0003505986930374405
└ @ Main /Users/pmz/gitspace/ipm/main.jl:68
┌ Info: [iter]
│   del_mu = -0.014537820715448095
└ @ Main /Users/pmz/gitspace/ipm/main.jl:81
┌ Info: [iter]
│   t = 5
└ @ Main /Users/pmz/gitspace/ipm/main.jl:64
┌ Info: [iter]
│   mu = 0.02631756837596959
│   norm(rd, Inf) = 13378.999987294927
│   norm(rp, Inf) = 0.0002868529459121305
└ @ Main /Users/pmz/gitspace/ipm/main.jl:68
┌ Info: [iter]
│   del_mu = -0.005453258924200545
└ @ Main /Users/pmz/gitspace/ipm/main.jl:81
┌ Info: [iter]
│   t = 6
└ @ Main /Users/pmz/gitspace/ipm/main.jl:64
┌ Info: [iter]
│   mu = 0.03177082730017013
│   norm(rd, Inf) = 13378.999987292722
│   norm(rp, Inf) = 0.0002875843459655414
└ @ Main /Users/pmz/gitspace/ipm/main.jl:68
┌ Info: [iter]
│   del_mu = -0.003179421024018407
└ @ Main /Users/pmz/gitspace/ipm/main.jl:81
┌ Info: [iter]
│   t = 7
└ @ Main /Users/pmz/gitspace/ipm/main.jl:64
┌ Info: [iter]
│   mu = 0.03495024832418854
│   norm(rd, Inf) = 13378.999987291247
│   norm(rp, Inf) = 0.0003921854635962063
└ @ Main /Users/pmz/gitspace/ipm/main.jl:68
┌ Info: [iter]
│   del_mu = -0.005461843188813209
└ @ Main /Users/pmz/gitspace/ipm/main.jl:81
┌ Info: [iter]
│   t = 8
└ @ Main /Users/pmz/gitspace/ipm/main.jl:64
┌ Info: [iter]
│   mu = 0.04041209151300175
│   norm(rd, Inf) = 13378.999987288653
│   norm(rp, Inf) = 0.0004064510754346884
└ @ Main /Users/pmz/gitspace/ipm/main.jl:68
┌ Info: [iter]
│   del_mu = -0.009500314121317618
└ @ Main /Users/pmz/gitspace/ipm/main.jl:81
┌ Info: [iter]
│   t = 9
└ @ Main /Users/pmz/gitspace/ipm/main.jl:64
┌ Info: [iter]
│   mu = 0.04991240563431937
│   norm(rd, Inf) = 13378.999987283229
│   norm(rp, Inf) = 0.0003765570778355709
└ @ Main /Users/pmz/gitspace/ipm/main.jl:68
┌ Info: [iter]
│   del_mu = -0.019522488837367596
└ @ Main /Users/pmz/gitspace/ipm/main.jl:81
┌ Info: [iter]
│   t = 10
└ @ Main /Users/pmz/gitspace/ipm/main.jl:64
┌ Info: [iter]
│   mu = 0.06943489447168696
│   norm(rd, Inf) = 13378.999987269455
│   norm(rp, Inf) = 0.0004483134475776751
└ @ Main /Users/pmz/gitspace/ipm/main.jl:68
┌ Info: [iter]
│   del_mu = -0.010700195139137461
└ @ Main /Users/pmz/gitspace/ipm/main.jl:81
┌ Info: [iter]
│   t = 11
└ @ Main /Users/pmz/gitspace/ipm/main.jl:64
┌ Info: [iter]
│   mu = 0.08013508961082443
│   norm(rd, Inf) = 13378.99998725889
│   norm(rp, Inf) = 0.0009062562251074269
└ @ Main /Users/pmz/gitspace/ipm/main.jl:68
┌ Info: [iter]
│   del_mu = -0.06865945491609009
└ @ Main /Users/pmz/gitspace/ipm/main.jl:81
┌ Info: [iter]
│   t = 12
└ @ Main /Users/pmz/gitspace/ipm/main.jl:64
┌ Info: [iter]
│   mu = 0.1487945445269145
│   norm(rd, Inf) = 13378.999987180658
│   norm(rp, Inf) = 0.0008435931028287769
└ @ Main /Users/pmz/gitspace/ipm/main.jl:68
┌ Info: [iter]
│   del_mu = -0.012123235685078837
└ @ Main /Users/pmz/gitspace/ipm/main.jl:81
┌ Info: [iter]
│   t = 13
└ @ Main /Users/pmz/gitspace/ipm/main.jl:64
┌ Info: [iter]
│   mu = 0.16091778021199335
│   norm(rd, Inf) = 13378.999987154913
│   norm(rp, Inf) = 0.0010916688667208518
└ @ Main /Users/pmz/gitspace/ipm/main.jl:68
┌ Info: [iter]
│   del_mu = -0.11084416462047472
└ @ Main /Users/pmz/gitspace/ipm/main.jl:81
┌ Info: [iter]
│   t = 14
└ @ Main /Users/pmz/gitspace/ipm/main.jl:64
┌ Info: [iter]
│   mu = 0.27176194483246807
│   norm(rd, Inf) = 13378.999986903807
│   norm(rp, Inf) = 0.001085549337545899
└ @ Main /Users/pmz/gitspace/ipm/main.jl:68
┌ Info: [iter]
│   del_mu = -0.02993696973226523
└ @ Main /Users/pmz/gitspace/ipm/main.jl:81
┌ Info: [iter]
│   t = 15
└ @ Main /Users/pmz/gitspace/ipm/main.jl:64
┌ Info: [iter]
│   mu = 0.3016989145647333
│   norm(rd, Inf) = 13378.999986788122
│   norm(rp, Inf) = 0.0019967617386100756
└ @ Main /Users/pmz/gitspace/ipm/main.jl:68
┌ Info: [iter]
│   del_mu = -2.5848476126090247
└ @ Main /Users/pmz/gitspace/ipm/main.jl:81
┌ Info: [iter]
│   t = 16
└ @ Main /Users/pmz/gitspace/ipm/main.jl:64
┌ Info: [iter]
│   mu = 2.886546527173758
│   norm(rd, Inf) = 13378.999975713505
│   norm(rp, Inf) = 0.0023886756419528865
└ @ Main /Users/pmz/gitspace/ipm/main.jl:68
┌ Info: [iter]
│   del_mu = -32.02319053274781
└ @ Main /Users/pmz/gitspace/ipm/main.jl:81
┌ Info: [iter]
│   t = 17
└ @ Main /Users/pmz/gitspace/ipm/main.jl:64
┌ Info: [iter]
│   mu = 34.90973705992157
│   norm(rd, Inf) = 13378.998656555717
│   norm(rp, Inf) = 0.0032082555532042534
└ @ Main /Users/pmz/gitspace/ipm/main.jl:68
┌ Info: [iter]
│   del_mu = -604.626089529134
└ @ Main /Users/pmz/gitspace/ipm/main.jl:81
┌ Info: [iter]
│   t = 18
└ @ Main /Users/pmz/gitspace/ipm/main.jl:64
┌ Info: [iter]
│   mu = 639.5358265890555
│   norm(rd, Inf) = 13378.697208909882
│   norm(rp, Inf) = 0.0032172434553103813
└ @ Main /Users/pmz/gitspace/ipm/main.jl:68
┌ Info: [iter]
│   del_mu = -1.3897938602172653e6
└ @ Main /Users/pmz/gitspace/ipm/main.jl:81
┌ Info: [iter]
│   t = 19
└ @ Main /Users/pmz/gitspace/ipm/main.jl:64
┌ Info: [iter]
│   mu = 1.3904333960438543e6
│   norm(rd, Inf) = 668.9348604455008
│   norm(rp, Inf) = 0.0034636160011132233
└ @ Main /Users/pmz/gitspace/ipm/main.jl:68
┌ Info: [iter]
│   del_mu = 1.2875213901061858e6
└ @ Main /Users/pmz/gitspace/ipm/main.jl:81
┌ Info: [iter]
│   t = 20
└ @ Main /Users/pmz/gitspace/ipm/main.jl:64
┌ Info: [iter]
│   mu = 102912.00593766841
│   norm(rd, Inf) = 49.52316225405957
│   norm(rp, Inf) = 0.0006411969059456624
└ @ Main /Users/pmz/gitspace/ipm/main.jl:68
┌ Info: [iter]
│   del_mu = 84928.48743926644
└ @ Main /Users/pmz/gitspace/ipm/main.jl:81
┌ Info: [iter]
│   t = 21
└ @ Main /Users/pmz/gitspace/ipm/main.jl:64
┌ Info: [iter]
│   mu = 17983.518498401976
│   norm(rd, Inf) = 9.107332103645604
│   norm(rp, Inf) = 0.0019212952085183588
└ @ Main /Users/pmz/gitspace/ipm/main.jl:68
┌ Info: [iter]
│   del_mu = 15117.229290893525
└ @ Main /Users/pmz/gitspace/ipm/main.jl:81
┌ Info: [iter]
│   t = 22
└ @ Main /Users/pmz/gitspace/ipm/main.jl:64
┌ Info: [iter]
│   mu = 2866.2892075084505
│   norm(rd, Inf) = 2.2735757198806823
│   norm(rp, Inf) = 0.00020832937537562657
└ @ Main /Users/pmz/gitspace/ipm/main.jl:68
┌ Info: [iter]
│   del_mu = 2225.3658641291513
└ @ Main /Users/pmz/gitspace/ipm/main.jl:81
┌ Info: [iter]
│   t = 23
└ @ Main /Users/pmz/gitspace/ipm/main.jl:64
┌ Info: [iter]
│   mu = 640.923343379299
│   norm(rd, Inf) = 0.5617430588881689
│   norm(rp, Inf) = 3.5534470256948225e-5
└ @ Main /Users/pmz/gitspace/ipm/main.jl:68
┌ Info: [iter]
│   del_mu = 318.1742365257268
└ @ Main /Users/pmz/gitspace/ipm/main.jl:81
┌ Info: [iter]
│   t = 24
└ @ Main /Users/pmz/gitspace/ipm/main.jl:64
┌ Info: [iter]
│   mu = 322.7491068535722
│   norm(rd, Inf) = 0.15554264787169814
│   norm(rp, Inf) = 0.00015922266819767827
└ @ Main /Users/pmz/gitspace/ipm/main.jl:68
┌ Info: [iter]
│   del_mu = 87.40447964040987
└ @ Main /Users/pmz/gitspace/ipm/main.jl:81
┌ Info: [iter]
│   t = 25
└ @ Main /Users/pmz/gitspace/ipm/main.jl:64
┌ Info: [iter]
│   mu = 235.3446272131623
│   norm(rd, Inf) = 0.06008247097634012
│   norm(rp, Inf) = 0.00015040907358088162
└ @ Main /Users/pmz/gitspace/ipm/main.jl:68
┌ Info: [iter]
│   del_mu = 151.76376767950978
└ @ Main /Users/pmz/gitspace/ipm/main.jl:81
┌ Info: [iter]
│   t = 26
└ @ Main /Users/pmz/gitspace/ipm/main.jl:64
┌ Info: [iter]
│   mu = 83.58085953365254
│   norm(rd, Inf) = 0.014039682437214651
│   norm(rp, Inf) = 5.041597652866159e-5
└ @ Main /Users/pmz/gitspace/ipm/main.jl:68
┌ Info: [iter]
│   del_mu = 57.55525585382826
└ @ Main /Users/pmz/gitspace/ipm/main.jl:81
┌ Info: [iter]
│   t = 27
└ @ Main /Users/pmz/gitspace/ipm/main.jl:64
┌ Info: [iter]
│   mu = 26.025603679824282
│   norm(rd, Inf) = 0.0036255968716432108
│   norm(rp, Inf) = 0.0001970906491919333
└ @ Main /Users/pmz/gitspace/ipm/main.jl:68
┌ Info: [iter]
│   del_mu = 20.055487735566597
└ @ Main /Users/pmz/gitspace/ipm/main.jl:81
┌ Info: [iter]
│   t = 28
└ @ Main /Users/pmz/gitspace/ipm/main.jl:64
┌ Info: [iter]
│   mu = 5.970115944257686
│   norm(rd, Inf) = 0.0011467203239590162
│   norm(rp, Inf) = 2.7345489343133522e-5
└ @ Main /Users/pmz/gitspace/ipm/main.jl:68
┌ Info: [iter]
│   del_mu = 5.379192994170472
└ @ Main /Users/pmz/gitspace/ipm/main.jl:81
┌ Info: [iter]
│   t = 29
└ @ Main /Users/pmz/gitspace/ipm/main.jl:64
┌ Info: [iter]
│   mu = 0.5909229500872146
│   norm(rd, Inf) = 7.238262696773745e-5
│   norm(rp, Inf) = 7.0930744130795476e-6
└ @ Main /Users/pmz/gitspace/ipm/main.jl:68
┌ Info: [iter]
│   del_mu = 0.5608317445202974
└ @ Main /Users/pmz/gitspace/ipm/main.jl:81
┌ Info: [iter]
│   t = 30
└ @ Main /Users/pmz/gitspace/ipm/main.jl:64
┌ Info: [iter]
│   mu = 0.030091205566917193
│   norm(rd, Inf) = 3.619234121288173e-6
│   norm(rp, Inf) = 0.00016307331168541155
└ @ Main /Users/pmz/gitspace/ipm/main.jl:68
┌ Info: [iter]
│   del_mu = 0.02858643670571286
└ @ Main /Users/pmz/gitspace/ipm/main.jl:81
┌ Info: [iter]
│   t = 31
└ @ Main /Users/pmz/gitspace/ipm/main.jl:64
┌ Info: [iter]
│   mu = 0.001504768861204335
│   norm(rd, Inf) = 1.8096397980116308e-7
│   norm(rp, Inf) = 8.286669833530204e-6
└ @ Main /Users/pmz/gitspace/ipm/main.jl:68
┌ Info: [iter end]
│   optimal = true
│   niters = 30
└ @ Main /Users/pmz/gitspace/ipm/main.jl:85
┌ Info: [flow]
│   x = [5.013408118059704e-5, 1.1370309994929704e-5, 1.1620533691826112e-5, 5.0647598946987837e-5, 79.99956243002798, 8.22420824023232e-5, 3.9190369720308875e-5, 1.4241341121092055e-5, 1.653618449411762e-5, 3.688390015892963e-5, 7.782778480134775e-5, 2.0826399877284002e-5, 1.1054878312787957e-5, 1.4583857628833327e-5, 1.2919226763157638e-5, 2.5783911013269848e-5, 1.2728501229155312e-5, 4.618524576854074e-5, 1.3009191470366441e-5, 2.4806660733539434e-5, 1.4095302876719195e-5, 1.1417249934269735e-5, 0.0016039972881422594, 3.111497402996828e-5, 0.0002034560185392941, 6.15757708871754e-5, 2.0195150248935993e-5, 1.253420428649538e-5, 0.00010488060634723058, 5.899539474162963e-5, 2.624986487521398e-5, 2.7727443398118962e-5, 0.002025215976898989, 1.8468253701579927e-5, 2.1598518483189114e-5, 0.00010124011080207699, 1.304759072502464e-5, 2.328655923873786e-5, 2.3199661975868225e-5, 2.248940510133458e-5, 2.2129430611282218e-5, 4.142614903771566e-5, 0.00017367824368343847, 4.4275140084409e-5, 1.7734471157185685e-5, 3.3062947290077044e-5, 3.274147523744692e-5, 7.308091653808512e-5, 1.619986499333645e-5, 3.620500507606141e-5, 5.368021963967078e-5, 2.3094739131343024e-5, 2.3301403265100118e-5, 2.4849344509298224e-5, 2.0199290474791668e-5, 2.1996636990449087e-5, 69.99962027496368, 3.478864560555318e-5, 1.937825443403988e-5, 1.9405499003428647e-5, 2.2719562958819464e-5, 1.339219850034852e-5, 1.514385112121844e-5, 6.497454003678502e-5, 1.544433117435794e-5, 1.6334400947482582e-5, 3.4461326314734735e-5, 1.3999895130606301e-5, 3.157653440743482e-5, 7.785776449896952e-5, 1.9469082974756392e-5, 1.635943325613016e-5, 1.5649192324554623e-5, 1.8275198667060664e-5, 2.3437775534018745e-5, 5.2974587658111095e-5, 0.00012994526138608836, 2.7696622214391786e-5, 1.731460443494474e-5, 3.356020414407477e-5, 3.8532388101211734e-5, 0.0002878968498839108, 4.521413595732788e-5, 3.6726441092202965e-5, 5.885239367369637e-5, 4.328896969353949e-5, 1.9867105876234556e-5, 3.6958235778069073e-5, 1.4640601736719706e-5, 3.4311903733451115e-5, 2.5434422046766636e-5, 0.0003226656553958814, 1.4319250294086289e-5, 1.7519576462622557e-5, 4.890266227698247e-5, 5.6985184064270835e-5, 1.3180179950685164e-5, 2.347453708197823e-5, 9.231419427057573e-6, 2.867282427107857e-5, 2.3442479354480626e-5, 2.947607752649278e-5, 2.2001456869679737e-5, 1.2944246419312991e-5, 1.4107835573659816e-5, 69.99987436572526, 1.3561217124395274e-5, 3.097906658134015e-5, 2.4108907063150346e-5, 1.1246731912364016e-5, 1.2525350520825384e-5, 1.2201383084291327e-5, 2.2060770510310302e-5, 4.6488458206782324e-5, 0.0001437055484736602, 0.00010411822033948217, 4.7049789310866304e-5, 5.328055007607557e-5, 154.0027644801794, 2.179446625974441e-5, 45.99614945059889, 1.644574068663618e-5, 0.00045704727263806526, 0.00011477000857163053, 1.7246073822544327e-5, 4.1112133872223144e-5, 2.7486322053181826e-5, 4.512836375515183e-5, 1.6536929325576663e-5, 1.7963588481723493e-5, 1.601958580703947e-5, 3.1724352737552935e-5, 6.4335803126853e-5, 2.3605228227810025e-5, 2.7634924805616e-5, 9.462148743519271e-5, 2.8285434357327196e-5, 1.4667703663321405e-5, 2.1330230796633176e-5, 1.8161605753586605e-5, 64.00281539257357, 1.5330771962241774e-5, 0.0002611052850664602, 0.0002615126209856789, 3.9856868035605315e-5, 0.00013120460093628012, 2.3857964304760024e-5, 2.8476553458372492e-5, 1.9833862847672243e-5, 4.7855902645193584e-5, 1.426584069040668e-5, 1.5895635468822402e-5, 1.5051206188110668e-5, 89.99943353444512, 2.8074177292719137e-5, 4.541780138197875e-5, 4.015083634471709e-5, 1.5117193050892151e-5, 6.78935247588378e-5, 0.00016004418699810691, 2.0542402832205656e-5, 1.4054231624644159e-5, 452.99943451334394, 6.106239760631242e-5, 2.768376622290904e-5, 4.095264093411646e-5, 2.1988202290081896e-5, 2.0722792467356042e-5, 0.00010624879706752632, 3.8560320859808974e-5, 1.704042815749092e-5, 2.3223809487062238e-5, 0.0003998036229613802, 1.4774457433661538e-5, 1.2330948863069211e-5, 2.2042836742661328e-5, 1.55024744425326e-5, 45.997857383298886, 1.4117970798757586e-5, 1.632422243926017e-5, 3.509554709254614e-5, 3.115304626171301e-5, 2.279027293633208e-5, 7.929963347694377e-5, 0.00033366324590638954, 2.3430071695006226e-5, 196.99643515524326, 0.0006948250926592306, 0.00011528669528313232, 2.5180253402856396e-5, 1.4189303047002812e-5, 3.1363698346437824e-5, 1.8645800236780834e-5, 0.002136111704626374, 5.5652427646917446e-5, 1.3582455830585239e-5, 2.255739777810422e-5, 4.222206481024925e-5, 3.23450991298812e-5, 8.2442610949103e-5, 9.087352134513936e-5, 3.873994561248955e-5, 2.988851087044127e-5, 2.6680503871639246e-5, 0.000261301472808566, 2.231983606621336e-5, 2.5445001578994556e-5, 2.296523130631276e-5, 196.9959554604518, 0.00013009303963936033, 1.2264902749938554e-5, 3.593416051159799e-5, 2.7986477063789757e-5, 1.4962937660721023e-5, 1.1666997815673775e-5, 0.0004447487175724442, 0.0002328491733363516, 2.8917201013446063e-5, 1.3138617862137154e-5, 1.3702249673914991e-5, 5.39912612493869e-5, 1.3473331742103742e-5, 1.0950372043791901e-5, 2.486508355626461e-5, 3.262792227835571e-5, 1.2669051533469939e-5, 2.2338067540176145e-5, 3.906444392327694e-5, 4.570773704337856e-5, 2.4700858535211243e-5, 2.6895944891950252e-5, 5.527713326599682e-5, 0.00024323405597419853, 1.772703509037325e-5, 2.8949977253032197e-5, 2.103662902335553e-5, 2.1391723635362514e-5, 3.1822223209241815e-5, 2.20991137195682e-7, 2.053821526709757e-7, 4.1299267133670184e-7, 8.214557673341086e-7, 4.0777292796315553e-7, 1.0717762334272605e-6, 8.30409135211662e-7, 1.664092697996248e-7]
└ @ Main /Users/pmz/gitspace/ipm/main.jl:134
┌ Info: [integral flow]
│   x = [0, 0, 0, 0, 80, 0, 0, 0, 0, 0, 0, 0, 0, 0, 0, 0, 0, 0, 0, 0, 0, 0, 0, 0, 0, 0, 0, 0, 0, 0, 0, 0, 0, 0, 0, 0, 0, 0, 0, 0, 0, 0, 0, 0, 0, 0, 0, 0, 0, 0, 0, 0, 0, 0, 0, 0, 70, 0, 0, 0, 0, 0, 0, 0, 0, 0, 0, 0, 0, 0, 0, 0, 0, 0, 0, 0, 0, 0, 0, 0, 0, 0, 0, 0, 0, 0, 0, 0, 0, 0, 0, 0, 0, 0, 0, 0, 0, 0, 0, 0, 0, 0, 0, 0, 0, 70, 0, 0, 0, 0, 0, 0, 0, 0, 0, 0, 0, 0, 154, 0, 46, 0, 0, 0, 0, 0, 0, 0, 0, 0, 0, 0, 0, 0, 0, 0, 0, 0, 0, 0, 64, 0, 0, 0, 0, 0, 0, 0, 0, 0, 0, 0, 0, 90, 0, 0, 0, 0, 0, 0, 0, 0, 453, 0, 0, 0, 0, 0, 0, 0, 0, 0, 0, 0, 0, 0, 0, 46, 0, 0, 0, 0, 0, 0, 0, 0, 197, 0, 0, 0, 0, 0, 0, 0, 0, 0, 0, 0, 0, 0, 0, 0, 0, 0, 0, 0, 0, 0, 197, 0, 0, 0, 0, 0, 0, 0, 0, 0, 0, 0, 0, 0, 0, 0, 0, 0, 0, 0, 0, 0, 0, 0, 0, 0, 0, 0, 0, 0, 0, 0, 0, 0, 0, 0, 0, 0]
└ @ Main /Users/pmz/gitspace/ipm/main.jl:137
┌ Info: [integral flow]
│   ox = [0, 0, 0, 0, 80, 0, 0, 0, 0, 0, 0, 0, 0, 0, 0, 0, 0, 0, 0, 0, 0, 0, 0, 0, 0, 0, 0, 0, 0, 0, 0, 0, 0, 0, 0, 0, 0, 0, 0, 0, 0, 0, 0, 0, 0, 0, 0, 0, 0, 0, 0, 0, 0, 0, 0, 0, 70, 0, 0, 0, 0, 0, 0, 0, 0, 0, 0, 0, 0, 0, 0, 0, 0, 0, 0, 0, 0, 0, 0, 0, 0, 0, 0, 0, 0, 0, 0, 0, 0, 0, 0, 0, 0, 0, 0, 0, 0, 0, 0, 0, 0, 0, 0, 0, 0, 70, 0, 0, 0, 0, 0, 0, 0, 0, 0, 0, 0, 0, 154, 0, 46, 0, 0, 0, 0, 0, 0, 0, 0, 0, 0, 0, 0, 0, 0, 0, 0, 0, 0, 0, 64, 0, 0, 0, 0, 0, 0, 0, 0, 0, 0, 0, 0, 90, 0, 0, 0, 0, 0, 0, 0, 0, 453, 0, 0, 0, 0, 0, 0, 0, 0, 0, 0, 0, 0, 0, 0, 46, 0, 0, 0, 0, 0, 0, 0, 0, 197, 0, 0, 0, 0, 0, 0, 0, 0, 0, 0, 0, 0, 0, 0, 0, 0, 0, 0, 0, 0, 0, 197, 0, 0, 0, 0, 0, 0, 0, 0, 0, 0, 0, 0, 0, 0, 0, 0, 0, 0, 0, 0, 0, 0, 0, 0, 0, 0, 0, 0, 0]
└ @ Main /Users/pmz/gitspace/ipm/main.jl:140
