┌ Info: [cmdline args]
│   args = Dict{String, Any}("l" => "logs/ng_4_6_1_1_41.dimacs.log", "i" => "data/ng_4_6_1_1_41.dimacs")
└ @ Main /Users/pmz/gitspace/ipm/main.jl:111
┌ Info: [mcfp]
│   netw.G = Main.var"/Users/pmz/gitspace/ipm/graph.jl".Graphs.Graph(5, 8, [1 2; 1 3; 2 3; 2 1; 3 4; 3 2; 1 5; 5 4], [-1 -1 0 1 0 0 -1 0; 1 0 -1 -1 0 1 0 0; 0 1 1 0 -1 -1 0 0; 0 0 0 0 1 0 0 1; 0 0 0 0 0 0 1 -1], [0 1 1 0 1; 1 0 1 0 0; 0 1 0 1 0; 0 0 0 0 0; 0 0 0 1 0])
│   netw.Cost = [18, 14, 89, 52, 42, 83, 298, 298]
│   netw.Cap = [696, 482, 696, 696, 696, 953, 696, 696]
│   netw.Demand = [-696, 0, 0, 696, 0]
└ @ Main /Users/pmz/gitspace/ipm/main.jl:114
┌ Info: [phase 1]
└ @ Main /Users/pmz/gitspace/ipm/main.jl:90
┌ Info: [iter]
│   t = 1
└ @ Main /Users/pmz/gitspace/ipm/main.jl:58
┌ Info: [iter]
│   mu = 35.06875
│   norm(rd, Inf) = 0.1
│   norm(rp, Inf) = 0.0
└ @ Main /Users/pmz/gitspace/ipm/main.jl:62
┌ Info: [iter]
│   del_mu = 31.561875
└ @ Main /Users/pmz/gitspace/ipm/main.jl:75
┌ Info: [iter]
│   t = 2
└ @ Main /Users/pmz/gitspace/ipm/main.jl:58
┌ Info: [iter]
│   mu = 3.506875000000002
│   norm(rd, Inf) = 0.010000000000000009
│   norm(rp, Inf) = 0.0
└ @ Main /Users/pmz/gitspace/ipm/main.jl:62
┌ Info: [iter]
│   del_mu = 3.156187500000002
└ @ Main /Users/pmz/gitspace/ipm/main.jl:75
┌ Info: [iter]
│   t = 3
└ @ Main /Users/pmz/gitspace/ipm/main.jl:58
┌ Info: [iter]
│   mu = 0.3506875000000003
│   norm(rd, Inf) = 0.0010000000000000009
│   norm(rp, Inf) = 0.0
└ @ Main /Users/pmz/gitspace/ipm/main.jl:62
┌ Info: [iter]
│   del_mu = 0.3156187500000003
└ @ Main /Users/pmz/gitspace/ipm/main.jl:75
┌ Info: [iter]
│   t = 4
└ @ Main /Users/pmz/gitspace/ipm/main.jl:58
┌ Info: [iter]
│   mu = 0.03506875000000001
│   norm(rd, Inf) = 0.00010000000000000005
│   norm(rp, Inf) = 0.0
└ @ Main /Users/pmz/gitspace/ipm/main.jl:62
┌ Info: [iter end]
│   optimal = true
│   niters = 3
└ @ Main /Users/pmz/gitspace/ipm/main.jl:79
┌ Info: [phase 2]
└ @ Main /Users/pmz/gitspace/ipm/main.jl:96
┌ Info: [iter]
│   t = 1
└ @ Main /Users/pmz/gitspace/ipm/main.jl:58
┌ Info: [iter]
│   mu = 0.03506875000000001
│   norm(rd, Inf) = 297.9999
│   norm(rp, Inf) = 0.0
└ @ Main /Users/pmz/gitspace/ipm/main.jl:62
┌ Info: [iter]
│   del_mu = -4.301400394847443e-6
└ @ Main /Users/pmz/gitspace/ipm/main.jl:75
┌ Info: [iter]
│   t = 2
└ @ Main /Users/pmz/gitspace/ipm/main.jl:58
┌ Info: [iter]
│   mu = 0.03507305140039486
│   norm(rd, Inf) = 297.9998999998048
│   norm(rp, Inf) = 1.0800249583553523e-10
└ @ Main /Users/pmz/gitspace/ipm/main.jl:62
┌ Info: [iter]
│   del_mu = -0.030303484816566077
└ @ Main /Users/pmz/gitspace/ipm/main.jl:75
┌ Info: [iter]
│   t = 3
└ @ Main /Users/pmz/gitspace/ipm/main.jl:58
┌ Info: [iter]
│   mu = 0.06537653621696093
│   norm(rd, Inf) = 297.9998999985802
│   norm(rp, Inf) = 1.07775122160092e-10
└ @ Main /Users/pmz/gitspace/ipm/main.jl:62
┌ Info: [iter]
│   del_mu = -0.009110459286462091
└ @ Main /Users/pmz/gitspace/ipm/main.jl:75
┌ Info: [iter]
│   t = 4
└ @ Main /Users/pmz/gitspace/ipm/main.jl:58
┌ Info: [iter]
│   mu = 0.07448699550342303
│   norm(rd, Inf) = 297.9998999972089
│   norm(rp, Inf) = 1.0788880899781361e-10
└ @ Main /Users/pmz/gitspace/ipm/main.jl:62
┌ Info: [iter]
│   del_mu = -0.04322428281743394
└ @ Main /Users/pmz/gitspace/ipm/main.jl:75
┌ Info: [iter]
│   t = 5
└ @ Main /Users/pmz/gitspace/ipm/main.jl:58
┌ Info: [iter]
│   mu = 0.11771127832085697
│   norm(rd, Inf) = 297.9998999939265
│   norm(rp, Inf) = 1.0800249583553523e-10
└ @ Main /Users/pmz/gitspace/ipm/main.jl:62
┌ Info: [iter]
│   del_mu = -0.3498660861682359
└ @ Main /Users/pmz/gitspace/ipm/main.jl:75
┌ Info: [iter]
│   t = 6
└ @ Main /Users/pmz/gitspace/ipm/main.jl:58
┌ Info: [iter]
│   mu = 0.4675773644890929
│   norm(rd, Inf) = 297.99989995169847
│   norm(rp, Inf) = 1.07775122160092e-10
└ @ Main /Users/pmz/gitspace/ipm/main.jl:62
┌ Info: [iter]
│   del_mu = -0.19632194421850974
└ @ Main /Users/pmz/gitspace/ipm/main.jl:75
┌ Info: [iter]
│   t = 7
└ @ Main /Users/pmz/gitspace/ipm/main.jl:58
┌ Info: [iter]
│   mu = 0.6638993087076026
│   norm(rd, Inf) = 297.9998998208009
│   norm(rp, Inf) = 1.07775122160092e-10
└ @ Main /Users/pmz/gitspace/ipm/main.jl:62
┌ Info: [iter]
│   del_mu = -0.258297707466006
└ @ Main /Users/pmz/gitspace/ipm/main.jl:75
┌ Info: [iter]
│   t = 8
└ @ Main /Users/pmz/gitspace/ipm/main.jl:58
┌ Info: [iter]
│   mu = 0.9221970161736086
│   norm(rd, Inf) = 297.9998996230685
│   norm(rp, Inf) = 1.07775122160092e-10
└ @ Main /Users/pmz/gitspace/ipm/main.jl:62
┌ Info: [iter]
│   del_mu = -0.4020304386978435
└ @ Main /Users/pmz/gitspace/ipm/main.jl:75
┌ Info: [iter]
│   t = 9
└ @ Main /Users/pmz/gitspace/ipm/main.jl:58
┌ Info: [iter]
│   mu = 1.324227454871452
│   norm(rd, Inf) = 297.9998992174609
│   norm(rp, Inf) = 9.755467544891872e-10
└ @ Main /Users/pmz/gitspace/ipm/main.jl:62
┌ Info: [iter]
│   del_mu = -0.12159841591373044
└ @ Main /Users/pmz/gitspace/ipm/main.jl:75
┌ Info: [iter]
│   t = 10
└ @ Main /Users/pmz/gitspace/ipm/main.jl:58
┌ Info: [iter]
│   mu = 1.4458258707851825
│   norm(rd, Inf) = 297.99989902166675
│   norm(rp, Inf) = 1.0115854820469394e-9
└ @ Main /Users/pmz/gitspace/ipm/main.jl:62
┌ Info: [iter]
│   del_mu = -4.983326667442085
└ @ Main /Users/pmz/gitspace/ipm/main.jl:75
┌ Info: [iter]
│   t = 11
└ @ Main /Users/pmz/gitspace/ipm/main.jl:58
┌ Info: [iter]
│   mu = 6.429152538227267
│   norm(rd, Inf) = 297.99989174926833
│   norm(rp, Inf) = 1.9867911760229617e-9
└ @ Main /Users/pmz/gitspace/ipm/main.jl:62
┌ Info: [iter]
│   del_mu = -0.8878044345858589
└ @ Main /Users/pmz/gitspace/ipm/main.jl:75
┌ Info: [iter]
│   t = 12
└ @ Main /Users/pmz/gitspace/ipm/main.jl:58
┌ Info: [iter]
│   mu = 7.316956972813126
│   norm(rd, Inf) = 297.999885120765
│   norm(rp, Inf) = 1.913917913043406e-9
└ @ Main /Users/pmz/gitspace/ipm/main.jl:62
┌ Info: [iter]
│   del_mu = -0.9677645226976983
└ @ Main /Users/pmz/gitspace/ipm/main.jl:75
┌ Info: [iter]
│   t = 13
└ @ Main /Users/pmz/gitspace/ipm/main.jl:58
┌ Info: [iter]
│   mu = 8.284721495510825
│   norm(rd, Inf) = 297.9998774963794
│   norm(rp, Inf) = 2.394762077528867e-8
└ @ Main /Users/pmz/gitspace/ipm/main.jl:62
┌ Info: [iter]
│   del_mu = -3.0326803756272055e7
└ @ Main /Users/pmz/gitspace/ipm/main.jl:75
┌ Info: [iter]
│   t = 14
└ @ Main /Users/pmz/gitspace/ipm/main.jl:58
┌ Info: [iter]
│   mu = 3.032681204099355e7
│   norm(rd, Inf) = 29.799987749633146
│   norm(rp, Inf) = 2.798924469971098e-8
└ @ Main /Users/pmz/gitspace/ipm/main.jl:62
┌ Info: [iter]
│   del_mu = 2.7278424444936827e7
└ @ Main /Users/pmz/gitspace/ipm/main.jl:75
┌ Info: [iter]
│   t = 15
└ @ Main /Users/pmz/gitspace/ipm/main.jl:58
┌ Info: [iter]
│   mu = 3.0483875960567226e6
│   norm(rd, Inf) = 2.995433015345043
│   norm(rp, Inf) = 8.711822374607436e-9
└ @ Main /Users/pmz/gitspace/ipm/main.jl:62
┌ Info: [iter]
│   del_mu = 2.728125323999112e6
└ @ Main /Users/pmz/gitspace/ipm/main.jl:75
┌ Info: [iter]
│   t = 16
└ @ Main /Users/pmz/gitspace/ipm/main.jl:58
┌ Info: [iter]
│   mu = 320262.2720576106
│   norm(rd, Inf) = 0.31470003288109183
│   norm(rp, Inf) = 1.2531472748378292e-8
└ @ Main /Users/pmz/gitspace/ipm/main.jl:62
┌ Info: [iter]
│   del_mu = 275289.7644718305
└ @ Main /Users/pmz/gitspace/ipm/main.jl:75
┌ Info: [iter]
│   t = 17
└ @ Main /Users/pmz/gitspace/ipm/main.jl:58
┌ Info: [iter]
│   mu = 44972.5075857801
│   norm(rd, Inf) = 0.04423131556450244
│   norm(rp, Inf) = 5.033371053286828e-9
└ @ Main /Users/pmz/gitspace/ipm/main.jl:62
┌ Info: [iter]
│   del_mu = 35805.74577487823
└ @ Main /Users/pmz/gitspace/ipm/main.jl:75
┌ Info: [iter]
│   t = 18
└ @ Main /Users/pmz/gitspace/ipm/main.jl:58
┌ Info: [iter]
│   mu = 9166.76181090187
│   norm(rd, Inf) = 0.009860123170710722
│   norm(rp, Inf) = 5.129550117999315e-10
└ @ Main /Users/pmz/gitspace/ipm/main.jl:62
┌ Info: [iter]
│   del_mu = 8096.603888453493
└ @ Main /Users/pmz/gitspace/ipm/main.jl:75
┌ Info: [iter]
│   t = 19
└ @ Main /Users/pmz/gitspace/ipm/main.jl:58
┌ Info: [iter]
│   mu = 1070.1579224483767
│   norm(rd, Inf) = 0.0010468211534089278
│   norm(rp, Inf) = 6.355094228638336e-11
└ @ Main /Users/pmz/gitspace/ipm/main.jl:62
┌ Info: [iter]
│   del_mu = 962.7492952041858
└ @ Main /Users/pmz/gitspace/ipm/main.jl:75
┌ Info: [iter]
│   t = 20
└ @ Main /Users/pmz/gitspace/ipm/main.jl:58
┌ Info: [iter]
│   mu = 107.40862724419084
│   norm(rd, Inf) = 0.0001054372154385419
│   norm(rp, Inf) = 5.6843418860808015e-12
└ @ Main /Users/pmz/gitspace/ipm/main.jl:62
┌ Info: [iter]
│   del_mu = 96.6673876486584
└ @ Main /Users/pmz/gitspace/ipm/main.jl:75
┌ Info: [iter]
│   t = 21
└ @ Main /Users/pmz/gitspace/ipm/main.jl:58
┌ Info: [iter]
│   mu = 10.741239595532434
│   norm(rd, Inf) = 1.0544464601025538e-5
│   norm(rp, Inf) = 1.0800249583553523e-12
└ @ Main /Users/pmz/gitspace/ipm/main.jl:62
┌ Info: [iter]
│   del_mu = 9.667115244160684
└ @ Main /Users/pmz/gitspace/ipm/main.jl:75
┌ Info: [iter]
│   t = 22
└ @ Main /Users/pmz/gitspace/ipm/main.jl:58
┌ Info: [iter]
│   mu = 1.0741243513717509
│   norm(rd, Inf) = 1.0544472388573922e-6
│   norm(rp, Inf) = 6.821210263296962e-13
└ @ Main /Users/pmz/gitspace/ipm/main.jl:62
┌ Info: [iter]
│   del_mu = 0.9667119156736119
└ @ Main /Users/pmz/gitspace/ipm/main.jl:75
┌ Info: [iter]
│   t = 23
└ @ Main /Users/pmz/gitspace/ipm/main.jl:58
┌ Info: [iter]
│   mu = 0.10741243569813899
│   norm(rd, Inf) = 1.0544471251705545e-7
│   norm(rp, Inf) = 1.8758328224066645e-12
└ @ Main /Users/pmz/gitspace/ipm/main.jl:62
┌ Info: [iter]
│   del_mu = 0.09667119212461671
└ @ Main /Users/pmz/gitspace/ipm/main.jl:75
┌ Info: [iter]
│   t = 24
└ @ Main /Users/pmz/gitspace/ipm/main.jl:58
┌ Info: [iter]
│   mu = 0.010741243573522284
│   norm(rd, Inf) = 1.0544454198679887e-8
│   norm(rp, Inf) = 1.7053025658242404e-12
└ @ Main /Users/pmz/gitspace/ipm/main.jl:62
┌ Info: [iter end]
│   optimal = true
│   niters = 23
└ @ Main /Users/pmz/gitspace/ipm/main.jl:79
